/media/sf_Flexwin/Data/DATA/EID_TOMO/3320736/T006_T030/3320736.CI.ALP.BHR.sac.d.T006_T030
/media/sf_Flexwin/Data/SYN/EID_TOMO/3320736/T006_T030/ALP.CI.BHR.semd.sac.m16.T006_T030
           1
   -9.3545    42.3955
/media/sf_Flexwin/Data/DATA/EID_TOMO/3320736/T006_T030/3320736.CI.ALP.BHT.sac.d.T006_T030
/media/sf_Flexwin/Data/SYN/EID_TOMO/3320736/T006_T030/ALP.CI.BHT.semd.sac.m16.T006_T030
           2
  -20.9545    23.2955
   23.2955    69.0955
/media/sf_Flexwin/Data/DATA/EID_TOMO/3320736/T006_T030/3320736.CI.BAK.BHR.sac.d.T006_T030
/media/sf_Flexwin/Data/SYN/EID_TOMO/3320736/T006_T030/BAK.CI.BHR.semd.sac.m16.T006_T030
           1
   35.0455    77.7955
/media/sf_Flexwin/Data/DATA/EID_TOMO/3320736/T006_T030/3320736.CI.BAK.BHT.sac.d.T006_T030
/media/sf_Flexwin/Data/SYN/EID_TOMO/3320736/T006_T030/BAK.CI.BHT.semd.sac.m16.T006_T030
           2
   -0.4545    60.1455
   60.1455   112.1955
/media/sf_Flexwin/Data/DATA/EID_TOMO/3320736/T006_T030/3320736.CI.BAR.BHR.sac.d.T006_T030
/media/sf_Flexwin/Data/SYN/EID_TOMO/3320736/T006_T030/BAR.CI.BHR.semd.sac.m16.T006_T030
           2
   -4.0545    39.6955
   39.6955    56.7455
/media/sf_Flexwin/Data/DATA/EID_TOMO/3320736/T006_T030/3320736.CI.BAR.BHT.sac.d.T006_T030
/media/sf_Flexwin/Data/SYN/EID_TOMO/3320736/T006_T030/BAR.CI.BHT.semd.sac.m16.T006_T030
           2
  -20.4545    23.8955
   23.8955    88.4455
/media/sf_Flexwin/Data/DATA/EID_TOMO/3320736/T006_T030/3320736.CI.BAR.BHZ.sac.d.T006_T030
/media/sf_Flexwin/Data/SYN/EID_TOMO/3320736/T006_T030/BAR.CI.BHZ.semd.sac.m16.T006_T030
           1
   46.8955    77.8955
/media/sf_Flexwin/Data/DATA/EID_TOMO/3320736/T006_T030/3320736.CI.BC3.BHR.sac.d.T006_T030
/media/sf_Flexwin/Data/SYN/EID_TOMO/3320736/T006_T030/BC3.CI.BHR.semd.sac.m16.T006_T030
           1
    7.8955    60.7455
/media/sf_Flexwin/Data/DATA/EID_TOMO/3320736/T006_T030/3320736.CI.BC3.BHT.sac.d.T006_T030
/media/sf_Flexwin/Data/SYN/EID_TOMO/3320736/T006_T030/BC3.CI.BHT.semd.sac.m16.T006_T030
           1
    6.0955    60.2455
/media/sf_Flexwin/Data/DATA/EID_TOMO/3320736/T006_T030/3320736.CI.BC3.BHZ.sac.d.T006_T030
/media/sf_Flexwin/Data/SYN/EID_TOMO/3320736/T006_T030/BC3.CI.BHZ.semd.sac.m16.T006_T030
           2
  -24.1545    13.4455
   13.4455    65.7955
/media/sf_Flexwin/Data/DATA/EID_TOMO/3320736/T006_T030/3320736.CI.BKR.BHR.sac.d.T006_T030
/media/sf_Flexwin/Data/SYN/EID_TOMO/3320736/T006_T030/BKR.CI.BHR.semd.sac.m16.T006_T030
           1
   -8.1545    59.2455
/media/sf_Flexwin/Data/DATA/EID_TOMO/3320736/T006_T030/3320736.CI.BKR.BHT.sac.d.T006_T030
/media/sf_Flexwin/Data/SYN/EID_TOMO/3320736/T006_T030/BKR.CI.BHT.semd.sac.m16.T006_T030
           2
  -30.3045    14.7955
   14.7955    57.3455
/media/sf_Flexwin/Data/DATA/EID_TOMO/3320736/T006_T030/3320736.CI.BKR.BHZ.sac.d.T006_T030
/media/sf_Flexwin/Data/SYN/EID_TOMO/3320736/T006_T030/BKR.CI.BHZ.semd.sac.m16.T006_T030
           1
  -20.5045    60.3455
/media/sf_Flexwin/Data/DATA/EID_TOMO/3320736/T006_T030/3320736.CI.BTC.BHR.sac.d.T006_T030
/media/sf_Flexwin/Data/SYN/EID_TOMO/3320736/T006_T030/BTC.CI.BHR.semd.sac.m16.T006_T030
           2
  -21.9045    17.6955
   17.6955    48.6455
/media/sf_Flexwin/Data/DATA/EID_TOMO/3320736/T006_T030/3320736.CI.BTC.BHT.sac.d.T006_T030
/media/sf_Flexwin/Data/SYN/EID_TOMO/3320736/T006_T030/BTC.CI.BHT.semd.sac.m16.T006_T030
           1
    2.3955    54.4455
/media/sf_Flexwin/Data/DATA/EID_TOMO/3320736/T006_T030/3320736.CI.BTC.BHZ.sac.d.T006_T030
/media/sf_Flexwin/Data/SYN/EID_TOMO/3320736/T006_T030/BTC.CI.BHZ.semd.sac.m16.T006_T030
           2
   13.6955    46.8955
   46.8955    78.2955
/media/sf_Flexwin/Data/DATA/EID_TOMO/3320736/T006_T030/3320736.CI.BTP.BHR.sac.d.T006_T030
/media/sf_Flexwin/Data/SYN/EID_TOMO/3320736/T006_T030/BTP.CI.BHR.semd.sac.m16.T006_T030
           2
    7.8955    51.9955
   59.0955    74.7955
/media/sf_Flexwin/Data/DATA/EID_TOMO/3320736/T006_T030/3320736.CI.BTP.BHT.sac.d.T006_T030
/media/sf_Flexwin/Data/SYN/EID_TOMO/3320736/T006_T030/BTP.CI.BHT.semd.sac.m16.T006_T030
           3
  -16.8545    -1.3045
   -1.3045    43.3455
   43.3455    89.2955
/media/sf_Flexwin/Data/DATA/EID_TOMO/3320736/T006_T030/3320736.CI.BTP.BHZ.sac.d.T006_T030
/media/sf_Flexwin/Data/SYN/EID_TOMO/3320736/T006_T030/BTP.CI.BHZ.semd.sac.m16.T006_T030
           1
   17.8455    54.7955
/media/sf_Flexwin/Data/DATA/EID_TOMO/3320736/T006_T030/3320736.AZ.BZN.BHR.sac.d.T006_T030
/media/sf_Flexwin/Data/SYN/EID_TOMO/3320736/T006_T030/BZN.AZ.BHR.semd.sac.m16.T006_T030
           1
  -19.1545    31.2455
/media/sf_Flexwin/Data/DATA/EID_TOMO/3320736/T006_T030/3320736.AZ.BZN.BHT.sac.d.T006_T030
/media/sf_Flexwin/Data/SYN/EID_TOMO/3320736/T006_T030/BZN.AZ.BHT.semd.sac.m16.T006_T030
           1
   -9.8545    61.4955
/media/sf_Flexwin/Data/DATA/EID_TOMO/3320736/T006_T030/3320736.AZ.BZN.BHZ.sac.d.T006_T030
/media/sf_Flexwin/Data/SYN/EID_TOMO/3320736/T006_T030/BZN.AZ.BHZ.semd.sac.m16.T006_T030
           1
    0.5455    64.3455
/media/sf_Flexwin/Data/DATA/EID_TOMO/3320736/T006_T030/3320736.CI.CHF.BHR.sac.d.T006_T030
/media/sf_Flexwin/Data/SYN/EID_TOMO/3320736/T006_T030/CHF.CI.BHR.semd.sac.m16.T006_T030
           2
  -29.0545    15.6955
   15.6955    41.5455
/media/sf_Flexwin/Data/DATA/EID_TOMO/3320736/T006_T030/3320736.CI.CHF.BHT.sac.d.T006_T030
/media/sf_Flexwin/Data/SYN/EID_TOMO/3320736/T006_T030/CHF.CI.BHT.semd.sac.m16.T006_T030
           2
  -26.7545    17.5455
   17.5455    75.6455
/media/sf_Flexwin/Data/DATA/EID_TOMO/3320736/T006_T030/3320736.CI.CHF.BHZ.sac.d.T006_T030
/media/sf_Flexwin/Data/SYN/EID_TOMO/3320736/T006_T030/CHF.CI.BHZ.semd.sac.m16.T006_T030
           1
   -4.4045    41.7455
/media/sf_Flexwin/Data/DATA/EID_TOMO/3320736/T006_T030/3320736.CI.CIA.BHR.sac.d.T006_T030
/media/sf_Flexwin/Data/SYN/EID_TOMO/3320736/T006_T030/CIA.CI.BHR.semd.sac.m16.T006_T030
           1
   10.5955    59.5455
/media/sf_Flexwin/Data/DATA/EID_TOMO/3320736/T006_T030/3320736.CI.CIA.BHT.sac.d.T006_T030
/media/sf_Flexwin/Data/SYN/EID_TOMO/3320736/T006_T030/CIA.CI.BHT.semd.sac.m16.T006_T030
           1
   13.1455    91.2955
/media/sf_Flexwin/Data/DATA/EID_TOMO/3320736/T006_T030/3320736.CI.CIA.BHZ.sac.d.T006_T030
/media/sf_Flexwin/Data/SYN/EID_TOMO/3320736/T006_T030/CIA.CI.BHZ.semd.sac.m16.T006_T030
           2
   19.3455    61.0455
   61.0455    77.0955
/media/sf_Flexwin/Data/DATA/EID_TOMO/3320736/T006_T030/3320736.CI.CLC.HHR.sac.d.T006_T030
/media/sf_Flexwin/Data/SYN/EID_TOMO/3320736/T006_T030/CLC.CI.BHR.semd.sac.m16.T006_T030
           1
    6.0455    50.4455
/media/sf_Flexwin/Data/DATA/EID_TOMO/3320736/T006_T030/3320736.CI.CLC.HHT.sac.d.T006_T030
/media/sf_Flexwin/Data/SYN/EID_TOMO/3320736/T006_T030/CLC.CI.BHT.semd.sac.m16.T006_T030
           2
   -5.0545    40.9455
   40.9455    82.8455
/media/sf_Flexwin/Data/DATA/EID_TOMO/3320736/T006_T030/3320736.CI.CLC.HHZ.sac.d.T006_T030
/media/sf_Flexwin/Data/SYN/EID_TOMO/3320736/T006_T030/CLC.CI.BHZ.semd.sac.m16.T006_T030
           2
    1.6955    50.4455
   50.4455    93.8455
/media/sf_Flexwin/Data/DATA/EID_TOMO/3320736/T006_T030/3320736.CI.CPP.BHR.sac.d.T006_T030
/media/sf_Flexwin/Data/SYN/EID_TOMO/3320736/T006_T030/CPP.CI.BHR.semd.sac.m16.T006_T030
           2
  -25.0545    13.5955
   13.5955    38.5455
/media/sf_Flexwin/Data/DATA/EID_TOMO/3320736/T006_T030/3320736.CI.CPP.BHT.sac.d.T006_T030
/media/sf_Flexwin/Data/SYN/EID_TOMO/3320736/T006_T030/CPP.CI.BHT.semd.sac.m16.T006_T030
           2
  -29.5545    14.7455
   14.7455    76.3955
/media/sf_Flexwin/Data/DATA/EID_TOMO/3320736/T006_T030/3320736.CI.CPP.BHZ.sac.d.T006_T030
/media/sf_Flexwin/Data/SYN/EID_TOMO/3320736/T006_T030/CPP.CI.BHZ.semd.sac.m16.T006_T030
           1
   -6.8045    66.1455
/media/sf_Flexwin/Data/DATA/EID_TOMO/3320736/T006_T030/3320736.AZ.CRY.BHZ.sac.d.T006_T030
/media/sf_Flexwin/Data/SYN/EID_TOMO/3320736/T006_T030/CRY.AZ.BHZ.semd.sac.m16.T006_T030
           1
   15.9455    29.0455
/media/sf_Flexwin/Data/DATA/EID_TOMO/3320736/T006_T030/3320736.CI.CWC.BHR.sac.d.T006_T030
/media/sf_Flexwin/Data/SYN/EID_TOMO/3320736/T006_T030/CWC.CI.BHR.semd.sac.m16.T006_T030
           1
   17.2455    64.9455
/media/sf_Flexwin/Data/DATA/EID_TOMO/3320736/T006_T030/3320736.CI.CWC.BHT.sac.d.T006_T030
/media/sf_Flexwin/Data/SYN/EID_TOMO/3320736/T006_T030/CWC.CI.BHT.semd.sac.m16.T006_T030
           1
   55.4955   110.0455
/media/sf_Flexwin/Data/DATA/EID_TOMO/3320736/T006_T030/3320736.CI.CWC.BHZ.sac.d.T006_T030
/media/sf_Flexwin/Data/SYN/EID_TOMO/3320736/T006_T030/CWC.CI.BHZ.semd.sac.m16.T006_T030
           2
   27.4455    50.8455
   71.9955   116.2455
/media/sf_Flexwin/Data/DATA/EID_TOMO/3320736/T006_T030/3320736.LB.DAC.BHR.sac.d.T006_T030
/media/sf_Flexwin/Data/SYN/EID_TOMO/3320736/T006_T030/DAC.LB.BHR.semd.sac.m16.T006_T030
           1
   -3.2045    57.5455
/media/sf_Flexwin/Data/DATA/EID_TOMO/3320736/T006_T030/3320736.LB.DAC.BHT.sac.d.T006_T030
/media/sf_Flexwin/Data/SYN/EID_TOMO/3320736/T006_T030/DAC.LB.BHT.semd.sac.m16.T006_T030
           1
   38.5955    96.4455
/media/sf_Flexwin/Data/DATA/EID_TOMO/3320736/T006_T030/3320736.LB.DAC.BHZ.sac.d.T006_T030
/media/sf_Flexwin/Data/SYN/EID_TOMO/3320736/T006_T030/DAC.LB.BHZ.semd.sac.m16.T006_T030
           2
   22.0455    57.5955
   57.5955   107.9955
/media/sf_Flexwin/Data/DATA/EID_TOMO/3320736/T006_T030/3320736.CI.DAN.BHR.sac.d.T006_T030
/media/sf_Flexwin/Data/SYN/EID_TOMO/3320736/T006_T030/DAN.CI.BHR.semd.sac.m16.T006_T030
           1
  -12.6045    43.0455
/media/sf_Flexwin/Data/DATA/EID_TOMO/3320736/T006_T030/3320736.CI.DAN.BHT.sac.d.T006_T030
/media/sf_Flexwin/Data/SYN/EID_TOMO/3320736/T006_T030/DAN.CI.BHT.semd.sac.m16.T006_T030
           2
  -18.8045    -3.2045
   -3.2045    51.3455
/media/sf_Flexwin/Data/DATA/EID_TOMO/3320736/T006_T030/3320736.CI.DAN.BHZ.sac.d.T006_T030
/media/sf_Flexwin/Data/SYN/EID_TOMO/3320736/T006_T030/DAN.CI.BHZ.semd.sac.m16.T006_T030
           1
  -19.9545    58.3955
/media/sf_Flexwin/Data/DATA/EID_TOMO/3320736/T006_T030/3320736.CI.DEV.BHR.sac.d.T006_T030
/media/sf_Flexwin/Data/SYN/EID_TOMO/3320736/T006_T030/DEV.CI.BHR.semd.sac.m16.T006_T030
           2
  -28.7545   -14.6545
  -14.6545    39.2455
/media/sf_Flexwin/Data/DATA/EID_TOMO/3320736/T006_T030/3320736.CI.DEV.BHT.sac.d.T006_T030
/media/sf_Flexwin/Data/SYN/EID_TOMO/3320736/T006_T030/DEV.CI.BHT.semd.sac.m16.T006_T030
           1
  -23.9045    39.5955
/media/sf_Flexwin/Data/DATA/EID_TOMO/3320736/T006_T030/3320736.CI.DEV.BHZ.sac.d.T006_T030
/media/sf_Flexwin/Data/SYN/EID_TOMO/3320736/T006_T030/DEV.CI.BHZ.semd.sac.m16.T006_T030
           1
    2.4955    50.1455
/media/sf_Flexwin/Data/DATA/EID_TOMO/3320736/T006_T030/3320736.CI.DGR.BHR.sac.d.T006_T030
/media/sf_Flexwin/Data/SYN/EID_TOMO/3320736/T006_T030/DGR.CI.BHR.semd.sac.m16.T006_T030
           2
  -20.0045    -6.2045
   -6.2045    35.5455
/media/sf_Flexwin/Data/DATA/EID_TOMO/3320736/T006_T030/3320736.CI.DGR.BHT.sac.d.T006_T030
/media/sf_Flexwin/Data/SYN/EID_TOMO/3320736/T006_T030/DGR.CI.BHT.semd.sac.m16.T006_T030
           2
  -23.7545    19.2455
   19.2455    75.6955
/media/sf_Flexwin/Data/DATA/EID_TOMO/3320736/T006_T030/3320736.CI.DGR.BHZ.sac.d.T006_T030
/media/sf_Flexwin/Data/SYN/EID_TOMO/3320736/T006_T030/DGR.CI.BHZ.semd.sac.m16.T006_T030
           1
  -13.3545    64.3455
/media/sf_Flexwin/Data/DATA/EID_TOMO/3320736/T006_T030/3320736.CI.DJJ.BHR.sac.d.T006_T030
/media/sf_Flexwin/Data/SYN/EID_TOMO/3320736/T006_T030/DJJ.CI.BHR.semd.sac.m16.T006_T030
           1
    7.1455    51.7455
/media/sf_Flexwin/Data/DATA/EID_TOMO/3320736/T006_T030/3320736.CI.DJJ.BHT.sac.d.T006_T030
/media/sf_Flexwin/Data/SYN/EID_TOMO/3320736/T006_T030/DJJ.CI.BHT.semd.sac.m16.T006_T030
           1
   26.9455    83.0955
/media/sf_Flexwin/Data/DATA/EID_TOMO/3320736/T006_T030/3320736.CI.DJJ.BHZ.sac.d.T006_T030
/media/sf_Flexwin/Data/SYN/EID_TOMO/3320736/T006_T030/DJJ.CI.BHZ.semd.sac.m16.T006_T030
           2
   16.6455    52.6955
   52.6955    79.1455
/media/sf_Flexwin/Data/DATA/EID_TOMO/3320736/T006_T030/3320736.CI.DRC.BHR.sac.d.T006_T030
/media/sf_Flexwin/Data/SYN/EID_TOMO/3320736/T006_T030/DRC.CI.BHR.semd.sac.m16.T006_T030
           2
   -8.7545    51.2955
   51.2955    69.2955
/media/sf_Flexwin/Data/DATA/EID_TOMO/3320736/T006_T030/3320736.CI.DRC.BHT.sac.d.T006_T030
/media/sf_Flexwin/Data/SYN/EID_TOMO/3320736/T006_T030/DRC.CI.BHT.semd.sac.m16.T006_T030
           1
   46.5455    88.6455
/media/sf_Flexwin/Data/DATA/EID_TOMO/3320736/T006_T030/3320736.CI.DRC.BHZ.sac.d.T006_T030
/media/sf_Flexwin/Data/SYN/EID_TOMO/3320736/T006_T030/DRC.CI.BHZ.semd.sac.m16.T006_T030
           1
   15.1955    62.6955
/media/sf_Flexwin/Data/DATA/EID_TOMO/3320736/T006_T030/3320736.CI.EDW.BHR.sac.d.T006_T030
/media/sf_Flexwin/Data/SYN/EID_TOMO/3320736/T006_T030/EDW.CI.BHR.semd.sac.m16.T006_T030
           1
   -4.0545    76.5955
/media/sf_Flexwin/Data/DATA/EID_TOMO/3320736/T006_T030/3320736.CI.EDW.BHT.sac.d.T006_T030
/media/sf_Flexwin/Data/SYN/EID_TOMO/3320736/T006_T030/EDW.CI.BHT.semd.sac.m16.T006_T030
           2
  -26.0545    18.1955
   18.1955    76.2955
/media/sf_Flexwin/Data/DATA/EID_TOMO/3320736/T006_T030/3320736.CI.FPC.BHR.sac.d.T006_T030
/media/sf_Flexwin/Data/SYN/EID_TOMO/3320736/T006_T030/FPC.CI.BHR.semd.sac.m16.T006_T030
           1
   -0.9545    36.1955
/media/sf_Flexwin/Data/DATA/EID_TOMO/3320736/T006_T030/3320736.CI.FPC.BHT.sac.d.T006_T030
/media/sf_Flexwin/Data/SYN/EID_TOMO/3320736/T006_T030/FPC.CI.BHT.semd.sac.m16.T006_T030
           2
  -17.4545    26.5955
   26.5955    70.2955
/media/sf_Flexwin/Data/DATA/EID_TOMO/3320736/T006_T030/3320736.CI.FPC.BHZ.sac.d.T006_T030
/media/sf_Flexwin/Data/SYN/EID_TOMO/3320736/T006_T030/FPC.CI.BHZ.semd.sac.m16.T006_T030
           1
   -8.3545    39.7955
/media/sf_Flexwin/Data/DATA/EID_TOMO/3320736/T006_T030/3320736.AZ.FRD.BHR.sac.d.T006_T030
/media/sf_Flexwin/Data/SYN/EID_TOMO/3320736/T006_T030/FRD.AZ.BHR.semd.sac.m16.T006_T030
           1
  -18.8545    60.5955
/media/sf_Flexwin/Data/DATA/EID_TOMO/3320736/T006_T030/3320736.AZ.FRD.BHT.sac.d.T006_T030
/media/sf_Flexwin/Data/SYN/EID_TOMO/3320736/T006_T030/FRD.AZ.BHT.semd.sac.m16.T006_T030
           1
  -10.3045    60.9955
/media/sf_Flexwin/Data/DATA/EID_TOMO/3320736/T006_T030/3320736.AZ.FRD.BHZ.sac.d.T006_T030
/media/sf_Flexwin/Data/SYN/EID_TOMO/3320736/T006_T030/FRD.AZ.BHZ.semd.sac.m16.T006_T030
           1
    0.4955    63.9955
/media/sf_Flexwin/Data/DATA/EID_TOMO/3320736/T006_T030/3320736.CI.FUR.BHR.sac.d.T006_T030
/media/sf_Flexwin/Data/SYN/EID_TOMO/3320736/T006_T030/FUR.CI.BHR.semd.sac.m16.T006_T030
           2
   10.7955    55.6955
   55.6955    69.0955
/media/sf_Flexwin/Data/DATA/EID_TOMO/3320736/T006_T030/3320736.CI.FUR.BHT.sac.d.T006_T030
/media/sf_Flexwin/Data/SYN/EID_TOMO/3320736/T006_T030/FUR.CI.BHT.semd.sac.m16.T006_T030
           2
   31.1455    48.0455
   48.0455    97.8955
/media/sf_Flexwin/Data/DATA/EID_TOMO/3320736/T006_T030/3320736.CI.FUR.BHZ.sac.d.T006_T030
/media/sf_Flexwin/Data/SYN/EID_TOMO/3320736/T006_T030/FUR.CI.BHZ.semd.sac.m16.T006_T030
           2
   22.0955    57.1955
   57.1955   101.4955
/media/sf_Flexwin/Data/DATA/EID_TOMO/3320736/T006_T030/3320736.CI.GR2.BHR.sac.d.T006_T030
/media/sf_Flexwin/Data/SYN/EID_TOMO/3320736/T006_T030/GR2.CI.BHR.semd.sac.m16.T006_T030
           1
   -9.0545    48.3955
/media/sf_Flexwin/Data/DATA/EID_TOMO/3320736/T006_T030/3320736.CI.GR2.BHT.sac.d.T006_T030
/media/sf_Flexwin/Data/SYN/EID_TOMO/3320736/T006_T030/GR2.CI.BHT.semd.sac.m16.T006_T030
           2
  -20.5045    23.7455
   23.7455    80.8955
/media/sf_Flexwin/Data/DATA/EID_TOMO/3320736/T006_T030/3320736.CI.GR2.BHZ.sac.d.T006_T030
/media/sf_Flexwin/Data/SYN/EID_TOMO/3320736/T006_T030/GR2.CI.BHZ.semd.sac.m16.T006_T030
           2
    0.3955    48.7455
   48.7455    84.5455
/media/sf_Flexwin/Data/DATA/EID_TOMO/3320736/T006_T030/3320736.CI.GSC.BHR.sac.d.T006_T030
/media/sf_Flexwin/Data/SYN/EID_TOMO/3320736/T006_T030/GSC.CI.BHR.semd.sac.m16.T006_T030
           2
  -20.0545     7.9955
    7.9955    55.3455
/media/sf_Flexwin/Data/DATA/EID_TOMO/3320736/T006_T030/3320736.CI.GSC.BHT.sac.d.T006_T030
/media/sf_Flexwin/Data/SYN/EID_TOMO/3320736/T006_T030/GSC.CI.BHT.semd.sac.m16.T006_T030
           1
   12.4955    25.6455
/media/sf_Flexwin/Data/DATA/EID_TOMO/3320736/T006_T030/3320736.CI.GSC.BHZ.sac.d.T006_T030
/media/sf_Flexwin/Data/SYN/EID_TOMO/3320736/T006_T030/GSC.CI.BHZ.semd.sac.m16.T006_T030
           1
  -14.4545    72.0455
/media/sf_Flexwin/Data/DATA/EID_TOMO/3320736/T006_T030/3320736.CI.ISA.BHR.sac.d.T006_T030
/media/sf_Flexwin/Data/SYN/EID_TOMO/3320736/T006_T030/ISA.CI.BHR.semd.sac.m16.T006_T030
           2
  -29.1545   -16.7545
   12.6955    60.1455
/media/sf_Flexwin/Data/DATA/EID_TOMO/3320736/T006_T030/3320736.CI.ISA.BHT.sac.d.T006_T030
/media/sf_Flexwin/Data/SYN/EID_TOMO/3320736/T006_T030/ISA.CI.BHT.semd.sac.m16.T006_T030
           3
  -11.6045    35.2455
   35.2455    50.9955
   50.9955    97.0455
/media/sf_Flexwin/Data/DATA/EID_TOMO/3320736/T006_T030/3320736.CI.ISA.BHZ.sac.d.T006_T030
/media/sf_Flexwin/Data/SYN/EID_TOMO/3320736/T006_T030/ISA.CI.BHZ.semd.sac.m16.T006_T030
           1
   59.5955    73.4955
/media/sf_Flexwin/Data/DATA/EID_TOMO/3320736/T006_T030/3320736.CI.JCS.BHR.sac.d.T006_T030
/media/sf_Flexwin/Data/SYN/EID_TOMO/3320736/T006_T030/JCS.CI.BHR.semd.sac.m16.T006_T030
           1
   -8.0045    40.2955
/media/sf_Flexwin/Data/DATA/EID_TOMO/3320736/T006_T030/3320736.CI.JCS.BHT.sac.d.T006_T030
/media/sf_Flexwin/Data/SYN/EID_TOMO/3320736/T006_T030/JCS.CI.BHT.semd.sac.m16.T006_T030
           2
  -29.7045    14.2455
   14.2455    73.0455
/media/sf_Flexwin/Data/DATA/EID_TOMO/3320736/T006_T030/3320736.CI.JCS.BHZ.sac.d.T006_T030
/media/sf_Flexwin/Data/SYN/EID_TOMO/3320736/T006_T030/JCS.CI.BHZ.semd.sac.m16.T006_T030
           1
   10.7455    37.3455
/media/sf_Flexwin/Data/DATA/EID_TOMO/3320736/T006_T030/3320736.CI.JRC.BHR.sac.d.T006_T030
/media/sf_Flexwin/Data/SYN/EID_TOMO/3320736/T006_T030/JRC.CI.BHR.semd.sac.m16.T006_T030
           1
   -4.8545    55.7955
/media/sf_Flexwin/Data/DATA/EID_TOMO/3320736/T006_T030/3320736.CI.JRC.BHT.sac.d.T006_T030
/media/sf_Flexwin/Data/SYN/EID_TOMO/3320736/T006_T030/JRC.CI.BHT.semd.sac.m16.T006_T030
           1
   45.9955   102.5955
/media/sf_Flexwin/Data/DATA/EID_TOMO/3320736/T006_T030/3320736.CI.JRC.BHZ.sac.d.T006_T030
/media/sf_Flexwin/Data/SYN/EID_TOMO/3320736/T006_T030/JRC.CI.BHZ.semd.sac.m16.T006_T030
           1
   54.9955    94.8955
/media/sf_Flexwin/Data/DATA/EID_TOMO/3320736/T006_T030/3320736.AZ.KNW.BHR.sac.d.T006_T030
/media/sf_Flexwin/Data/SYN/EID_TOMO/3320736/T006_T030/KNW.AZ.BHR.semd.sac.m16.T006_T030
           1
   -9.7045    54.5455
/media/sf_Flexwin/Data/DATA/EID_TOMO/3320736/T006_T030/3320736.AZ.KNW.BHT.sac.d.T006_T030
/media/sf_Flexwin/Data/SYN/EID_TOMO/3320736/T006_T030/KNW.AZ.BHT.semd.sac.m16.T006_T030
           2
  -31.7045    -0.0045
   -0.0045    56.4455
/media/sf_Flexwin/Data/DATA/EID_TOMO/3320736/T006_T030/3320736.AZ.KNW.BHZ.sac.d.T006_T030
/media/sf_Flexwin/Data/SYN/EID_TOMO/3320736/T006_T030/KNW.AZ.BHZ.semd.sac.m16.T006_T030
           1
  -19.1045    51.3955
/media/sf_Flexwin/Data/DATA/EID_TOMO/3320736/T006_T030/3320736.CI.LAF.BHR.sac.d.T006_T030
/media/sf_Flexwin/Data/SYN/EID_TOMO/3320736/T006_T030/LAF.CI.BHR.semd.sac.m16.T006_T030
           1
   -7.2545    58.7455
/media/sf_Flexwin/Data/DATA/EID_TOMO/3320736/T006_T030/3320736.CI.LAF.BHT.sac.d.T006_T030
/media/sf_Flexwin/Data/SYN/EID_TOMO/3320736/T006_T030/LAF.CI.BHT.semd.sac.m16.T006_T030
           2
   11.6455    56.1955
   56.1955   119.5455
/media/sf_Flexwin/Data/DATA/EID_TOMO/3320736/T006_T030/3320736.CI.LAF.BHZ.sac.d.T006_T030
/media/sf_Flexwin/Data/SYN/EID_TOMO/3320736/T006_T030/LAF.CI.BHZ.semd.sac.m16.T006_T030
           1
   15.7955    64.0455
/media/sf_Flexwin/Data/DATA/EID_TOMO/3320736/T006_T030/3320736.CI.LGU.BHR.sac.d.T006_T030
/media/sf_Flexwin/Data/SYN/EID_TOMO/3320736/T006_T030/LGU.CI.BHR.semd.sac.m16.T006_T030
           1
   14.6455    65.8955
/media/sf_Flexwin/Data/DATA/EID_TOMO/3320736/T006_T030/3320736.CI.LGU.BHT.sac.d.T006_T030
/media/sf_Flexwin/Data/SYN/EID_TOMO/3320736/T006_T030/LGU.CI.BHT.semd.sac.m16.T006_T030
           1
   49.4455    99.2955
/media/sf_Flexwin/Data/DATA/EID_TOMO/3320736/T006_T030/3320736.CI.LGU.BHZ.sac.d.T006_T030
/media/sf_Flexwin/Data/SYN/EID_TOMO/3320736/T006_T030/LGU.CI.BHZ.semd.sac.m16.T006_T030
           1
   23.0455    69.2455
/media/sf_Flexwin/Data/DATA/EID_TOMO/3320736/T006_T030/3320736.CI.LKL.BHR.sac.d.T006_T030
/media/sf_Flexwin/Data/SYN/EID_TOMO/3320736/T006_T030/LKL.CI.BHR.semd.sac.m16.T006_T030
           2
  -15.1045    -1.0545
   -1.0545    36.0455
/media/sf_Flexwin/Data/DATA/EID_TOMO/3320736/T006_T030/3320736.CI.LKL.BHT.sac.d.T006_T030
/media/sf_Flexwin/Data/SYN/EID_TOMO/3320736/T006_T030/LKL.CI.BHT.semd.sac.m16.T006_T030
           2
  -30.5545    13.3455
   13.3455    71.0955
/media/sf_Flexwin/Data/DATA/EID_TOMO/3320736/T006_T030/3320736.CI.LKL.BHZ.sac.d.T006_T030
/media/sf_Flexwin/Data/SYN/EID_TOMO/3320736/T006_T030/LKL.CI.BHZ.semd.sac.m16.T006_T030
           2
   -6.7045    37.6955
   37.6955    68.4955
/media/sf_Flexwin/Data/DATA/EID_TOMO/3320736/T006_T030/3320736.CI.LRL.BHR.sac.d.T006_T030
/media/sf_Flexwin/Data/SYN/EID_TOMO/3320736/T006_T030/LRL.CI.BHR.semd.sac.m16.T006_T030
           1
    3.1455    47.3455
/media/sf_Flexwin/Data/DATA/EID_TOMO/3320736/T006_T030/3320736.CI.LRL.BHT.sac.d.T006_T030
/media/sf_Flexwin/Data/SYN/EID_TOMO/3320736/T006_T030/LRL.CI.BHT.semd.sac.m16.T006_T030
           2
  -24.2545    20.0455
   20.0455    80.2955
/media/sf_Flexwin/Data/DATA/EID_TOMO/3320736/T006_T030/3320736.CI.LRL.BHZ.sac.d.T006_T030
/media/sf_Flexwin/Data/SYN/EID_TOMO/3320736/T006_T030/LRL.CI.BHZ.semd.sac.m16.T006_T030
           1
   -2.0545    78.9955
/media/sf_Flexwin/Data/DATA/EID_TOMO/3320736/T006_T030/3320736.CI.LUG.BHR.sac.d.T006_T030
/media/sf_Flexwin/Data/SYN/EID_TOMO/3320736/T006_T030/LUG.CI.BHR.semd.sac.m16.T006_T030
           1
   -8.5545    31.6955
/media/sf_Flexwin/Data/DATA/EID_TOMO/3320736/T006_T030/3320736.CI.LUG.BHT.sac.d.T006_T030
/media/sf_Flexwin/Data/SYN/EID_TOMO/3320736/T006_T030/LUG.CI.BHT.semd.sac.m16.T006_T030
           2
  -25.0545   -11.1545
  -11.1545    59.9955
/media/sf_Flexwin/Data/DATA/EID_TOMO/3320736/T006_T030/3320736.CI.LUG.BHZ.sac.d.T006_T030
/media/sf_Flexwin/Data/SYN/EID_TOMO/3320736/T006_T030/LUG.CI.BHZ.semd.sac.m16.T006_T030
           1
  -23.1045    27.3955
/media/sf_Flexwin/Data/DATA/EID_TOMO/3320736/T006_T030/3320736.CI.MLS.BHR.sac.d.T006_T030
/media/sf_Flexwin/Data/SYN/EID_TOMO/3320736/T006_T030/MLS.CI.BHR.semd.sac.m16.T006_T030
           1
   -3.7045    36.4955
/media/sf_Flexwin/Data/DATA/EID_TOMO/3320736/T006_T030/3320736.CI.MLS.BHT.sac.d.T006_T030
/media/sf_Flexwin/Data/SYN/EID_TOMO/3320736/T006_T030/MLS.CI.BHT.semd.sac.m16.T006_T030
           1
   -4.5545    58.5955
/media/sf_Flexwin/Data/DATA/EID_TOMO/3320736/T006_T030/3320736.CI.MLS.BHZ.sac.d.T006_T030
/media/sf_Flexwin/Data/SYN/EID_TOMO/3320736/T006_T030/MLS.CI.BHZ.semd.sac.m16.T006_T030
           1
   -9.9545    37.3455
/media/sf_Flexwin/Data/DATA/EID_TOMO/3320736/T006_T030/3320736.CI.MOP.BHR.sac.d.T006_T030
/media/sf_Flexwin/Data/SYN/EID_TOMO/3320736/T006_T030/MOP.CI.BHR.semd.sac.m16.T006_T030
           1
   12.7955    57.5455
/media/sf_Flexwin/Data/DATA/EID_TOMO/3320736/T006_T030/3320736.CI.MOP.BHT.sac.d.T006_T030
/media/sf_Flexwin/Data/SYN/EID_TOMO/3320736/T006_T030/MOP.CI.BHT.semd.sac.m16.T006_T030
           2
    5.6455    35.6455
   35.6455   118.2955
/media/sf_Flexwin/Data/DATA/EID_TOMO/3320736/T006_T030/3320736.CI.MOP.BHZ.sac.d.T006_T030
/media/sf_Flexwin/Data/SYN/EID_TOMO/3320736/T006_T030/MOP.CI.BHZ.semd.sac.m16.T006_T030
           1
   21.5955    57.1455
/media/sf_Flexwin/Data/DATA/EID_TOMO/3320736/T006_T030/3320736.CI.MPM.BHR.sac.d.T006_T030
/media/sf_Flexwin/Data/SYN/EID_TOMO/3320736/T006_T030/MPM.CI.BHR.semd.sac.m16.T006_T030
           1
   -6.2045    53.8455
/media/sf_Flexwin/Data/DATA/EID_TOMO/3320736/T006_T030/3320736.CI.MPM.BHT.sac.d.T006_T030
/media/sf_Flexwin/Data/SYN/EID_TOMO/3320736/T006_T030/MPM.CI.BHT.semd.sac.m16.T006_T030
           1
   46.9455    93.2955
/media/sf_Flexwin/Data/DATA/EID_TOMO/3320736/T006_T030/3320736.CI.MPM.BHZ.sac.d.T006_T030
/media/sf_Flexwin/Data/SYN/EID_TOMO/3320736/T006_T030/MPM.CI.BHZ.semd.sac.m16.T006_T030
           2
   18.5455    53.3455
   53.3455    99.6955
/media/sf_Flexwin/Data/DATA/EID_TOMO/3320736/T006_T030/3320736.CI.MSJ.BHR.sac.d.T006_T030
/media/sf_Flexwin/Data/SYN/EID_TOMO/3320736/T006_T030/MSJ.CI.BHR.semd.sac.m16.T006_T030
           2
  -26.4545    -9.0545
   -9.0545    31.6455
/media/sf_Flexwin/Data/DATA/EID_TOMO/3320736/T006_T030/3320736.CI.MSJ.BHT.sac.d.T006_T030
/media/sf_Flexwin/Data/SYN/EID_TOMO/3320736/T006_T030/MSJ.CI.BHT.semd.sac.m16.T006_T030
           2
  -28.5545     1.2455
    1.2455    57.1955
/media/sf_Flexwin/Data/DATA/EID_TOMO/3320736/T006_T030/3320736.CI.MSJ.BHZ.sac.d.T006_T030
/media/sf_Flexwin/Data/SYN/EID_TOMO/3320736/T006_T030/MSJ.CI.BHZ.semd.sac.m16.T006_T030
           2
  -18.4545    13.0455
   13.0455    66.2455
/media/sf_Flexwin/Data/DATA/EID_TOMO/3320736/T006_T030/3320736.CI.MTP.HHR.sac.d.T006_T030
/media/sf_Flexwin/Data/SYN/EID_TOMO/3320736/T006_T030/MTP.CI.BHR.semd.sac.m16.T006_T030
           1
   15.0955    39.6455
/media/sf_Flexwin/Data/DATA/EID_TOMO/3320736/T006_T030/3320736.CI.MTP.HHT.sac.d.T006_T030
/media/sf_Flexwin/Data/SYN/EID_TOMO/3320736/T006_T030/MTP.CI.BHT.semd.sac.m16.T006_T030
           1
   10.7455    68.8455
/media/sf_Flexwin/Data/DATA/EID_TOMO/3320736/T006_T030/3320736.CI.MTP.HHZ.sac.d.T006_T030
/media/sf_Flexwin/Data/SYN/EID_TOMO/3320736/T006_T030/MTP.CI.BHZ.semd.sac.m16.T006_T030
           2
   15.6455    34.9955
   34.9955    73.6455
/media/sf_Flexwin/Data/DATA/EID_TOMO/3320736/T006_T030/3320736.CI.MWC.BHR.sac.d.T006_T030
/media/sf_Flexwin/Data/SYN/EID_TOMO/3320736/T006_T030/MWC.CI.BHR.semd.sac.m16.T006_T030
           2
  -29.6545    16.4455
   16.4455    41.0455
/media/sf_Flexwin/Data/DATA/EID_TOMO/3320736/T006_T030/3320736.CI.MWC.BHT.sac.d.T006_T030
/media/sf_Flexwin/Data/SYN/EID_TOMO/3320736/T006_T030/MWC.CI.BHT.semd.sac.m16.T006_T030
           2
  -25.5545    18.6955
   18.6955    75.0455
/media/sf_Flexwin/Data/DATA/EID_TOMO/3320736/T006_T030/3320736.CI.MWC.BHZ.sac.d.T006_T030
/media/sf_Flexwin/Data/SYN/EID_TOMO/3320736/T006_T030/MWC.CI.BHZ.semd.sac.m16.T006_T030
           1
   -3.7545    41.9955
/media/sf_Flexwin/Data/DATA/EID_TOMO/3320736/T006_T030/3320736.CI.OSI.BHR.sac.d.T006_T030
/media/sf_Flexwin/Data/SYN/EID_TOMO/3320736/T006_T030/OSI.CI.BHR.semd.sac.m16.T006_T030
           1
    9.2955    63.6955
/media/sf_Flexwin/Data/DATA/EID_TOMO/3320736/T006_T030/3320736.CI.OSI.BHT.sac.d.T006_T030
/media/sf_Flexwin/Data/SYN/EID_TOMO/3320736/T006_T030/OSI.CI.BHT.semd.sac.m16.T006_T030
           3
  -14.7545     1.6455
    1.6455    47.3455
   47.3455   103.4455
/media/sf_Flexwin/Data/DATA/EID_TOMO/3320736/T006_T030/3320736.CI.PAS.BHR.sac.d.T006_T030
/media/sf_Flexwin/Data/SYN/EID_TOMO/3320736/T006_T030/PAS.CI.BHR.semd.sac.m16.T006_T030
           1
  -10.3545    49.7455
/media/sf_Flexwin/Data/DATA/EID_TOMO/3320736/T006_T030/3320736.CI.PAS.BHT.sac.d.T006_T030
/media/sf_Flexwin/Data/SYN/EID_TOMO/3320736/T006_T030/PAS.CI.BHT.semd.sac.m16.T006_T030
           2
  -22.7045    21.3955
   21.3955    78.8455
/media/sf_Flexwin/Data/DATA/EID_TOMO/3320736/T006_T030/3320736.CI.PAS.BHZ.sac.d.T006_T030
/media/sf_Flexwin/Data/SYN/EID_TOMO/3320736/T006_T030/PAS.CI.BHZ.semd.sac.m16.T006_T030
           2
   -1.7045    45.1455
   45.1455    83.9455
/media/sf_Flexwin/Data/DATA/EID_TOMO/3320736/T006_T030/3320736.CI.PDE.BHR.sac.d.T006_T030
/media/sf_Flexwin/Data/SYN/EID_TOMO/3320736/T006_T030/PDE.CI.BHR.semd.sac.m16.T006_T030
           1
    7.9455    56.9455
/media/sf_Flexwin/Data/DATA/EID_TOMO/3320736/T006_T030/3320736.CI.PDE.BHT.sac.d.T006_T030
/media/sf_Flexwin/Data/SYN/EID_TOMO/3320736/T006_T030/PDE.CI.BHT.semd.sac.m16.T006_T030
           2
   -1.6545    44.4955
   44.4955    86.3455
/media/sf_Flexwin/Data/DATA/EID_TOMO/3320736/T006_T030/3320736.CI.PDE.BHZ.sac.d.T006_T030
/media/sf_Flexwin/Data/SYN/EID_TOMO/3320736/T006_T030/PDE.CI.BHZ.semd.sac.m16.T006_T030
           2
   18.0455    48.5955
   48.5955    89.4455
/media/sf_Flexwin/Data/DATA/EID_TOMO/3320736/T006_T030/3320736.AZ.PFO.BHR.sac.d.T006_T030
/media/sf_Flexwin/Data/SYN/EID_TOMO/3320736/T006_T030/PFO.AZ.BHR.semd.sac.m16.T006_T030
           1
  -13.8045    64.7955
/media/sf_Flexwin/Data/DATA/EID_TOMO/3320736/T006_T030/3320736.AZ.PFO.BHT.sac.d.T006_T030
/media/sf_Flexwin/Data/SYN/EID_TOMO/3320736/T006_T030/PFO.AZ.BHT.semd.sac.m16.T006_T030
           1
    0.7455    57.1455
/media/sf_Flexwin/Data/DATA/EID_TOMO/3320736/T006_T030/3320736.CI.PHL.BHR.sac.d.T006_T030
/media/sf_Flexwin/Data/SYN/EID_TOMO/3320736/T006_T030/PHL.CI.BHR.semd.sac.m16.T006_T030
           2
   79.6455    99.2455
  111.4955   127.3455
/media/sf_Flexwin/Data/DATA/EID_TOMO/3320736/T006_T030/3320736.CI.PHL.BHT.sac.d.T006_T030
/media/sf_Flexwin/Data/SYN/EID_TOMO/3320736/T006_T030/PHL.CI.BHT.semd.sac.m16.T006_T030
           2
   35.5455   105.3955
  105.3955   164.0455
/media/sf_Flexwin/Data/DATA/EID_TOMO/3320736/T006_T030/3320736.BK.PKD.BHT.sac.d.T006_T030
/media/sf_Flexwin/Data/SYN/EID_TOMO/3320736/T006_T030/PKD.BK.BHT.semd.sac.m16.T006_T030
           2
   68.9455   110.1955
  110.1955   124.8455
/media/sf_Flexwin/Data/DATA/EID_TOMO/3320736/T006_T030/3320736.BK.PKD.BHZ.sac.d.T006_T030
/media/sf_Flexwin/Data/SYN/EID_TOMO/3320736/T006_T030/PKD.BK.BHZ.semd.sac.m16.T006_T030
           1
   62.6955   114.3955
/media/sf_Flexwin/Data/DATA/EID_TOMO/3320736/T006_T030/3320736.CI.PLC.BHR.sac.d.T006_T030
/media/sf_Flexwin/Data/SYN/EID_TOMO/3320736/T006_T030/PLC.CI.BHR.semd.sac.m16.T006_T030
           2
  -27.9545   -12.5545
  -12.5545    47.2955
/media/sf_Flexwin/Data/DATA/EID_TOMO/3320736/T006_T030/3320736.CI.PLC.BHT.sac.d.T006_T030
/media/sf_Flexwin/Data/SYN/EID_TOMO/3320736/T006_T030/PLC.CI.BHT.semd.sac.m16.T006_T030
           2
  -21.2545    -4.7545
   -4.7545    42.0955
/media/sf_Flexwin/Data/DATA/EID_TOMO/3320736/T006_T030/3320736.CI.PLC.BHZ.sac.d.T006_T030
/media/sf_Flexwin/Data/SYN/EID_TOMO/3320736/T006_T030/PLC.CI.BHZ.semd.sac.m16.T006_T030
           1
  -14.5545    56.8955
/media/sf_Flexwin/Data/DATA/EID_TOMO/3320736/T006_T030/3320736.CI.PLM.BHR.sac.d.T006_T030
/media/sf_Flexwin/Data/SYN/EID_TOMO/3320736/T006_T030/PLM.CI.BHR.semd.sac.m16.T006_T030
           1
  -17.2545    36.4955
/media/sf_Flexwin/Data/DATA/EID_TOMO/3320736/T006_T030/3320736.CI.PLM.BHT.sac.d.T006_T030
/media/sf_Flexwin/Data/SYN/EID_TOMO/3320736/T006_T030/PLM.CI.BHT.semd.sac.m16.T006_T030
           2
  -33.0045     9.6455
    9.6455    67.7455
/media/sf_Flexwin/Data/DATA/EID_TOMO/3320736/T006_T030/3320736.CI.PLM.BHZ.sac.d.T006_T030
/media/sf_Flexwin/Data/SYN/EID_TOMO/3320736/T006_T030/PLM.CI.BHZ.semd.sac.m16.T006_T030
           1
    4.5455    69.2955
/media/sf_Flexwin/Data/DATA/EID_TOMO/3320736/T006_T030/3320736.CI.PLS.BHR.sac.d.T006_T030
/media/sf_Flexwin/Data/SYN/EID_TOMO/3320736/T006_T030/PLS.CI.BHR.semd.sac.m16.T006_T030
           1
   -1.6045    37.6455
/media/sf_Flexwin/Data/DATA/EID_TOMO/3320736/T006_T030/3320736.CI.PLS.BHT.sac.d.T006_T030
/media/sf_Flexwin/Data/SYN/EID_TOMO/3320736/T006_T030/PLS.CI.BHT.semd.sac.m16.T006_T030
           1
    6.4955    63.5955
/media/sf_Flexwin/Data/DATA/EID_TOMO/3320736/T006_T030/3320736.CI.PLS.BHZ.sac.d.T006_T030
/media/sf_Flexwin/Data/SYN/EID_TOMO/3320736/T006_T030/PLS.CI.BHZ.semd.sac.m16.T006_T030
           2
  -20.5045    20.8955
   20.8955    66.2455
/media/sf_Flexwin/Data/DATA/EID_TOMO/3320736/T006_T030/3320736.CI.RCT.BHR.sac.d.T006_T030
/media/sf_Flexwin/Data/SYN/EID_TOMO/3320736/T006_T030/RCT.CI.BHR.semd.sac.m16.T006_T030
           1
   54.6955    75.9955
/media/sf_Flexwin/Data/DATA/EID_TOMO/3320736/T006_T030/3320736.CI.RCT.BHT.sac.d.T006_T030
/media/sf_Flexwin/Data/SYN/EID_TOMO/3320736/T006_T030/RCT.CI.BHT.semd.sac.m16.T006_T030
           1
   59.3955   122.5455
/media/sf_Flexwin/Data/DATA/EID_TOMO/3320736/T006_T030/3320736.CI.RCT.BHZ.sac.d.T006_T030
/media/sf_Flexwin/Data/SYN/EID_TOMO/3320736/T006_T030/RCT.CI.BHZ.semd.sac.m16.T006_T030
           3
   21.1455    70.3455
   78.0455    90.8955
   90.8955   105.2455
/media/sf_Flexwin/Data/DATA/EID_TOMO/3320736/T006_T030/3320736.CI.RPV.BHR.sac.d.T006_T030
/media/sf_Flexwin/Data/SYN/EID_TOMO/3320736/T006_T030/RPV.CI.BHR.semd.sac.m16.T006_T030
           1
    8.1955    61.0955
/media/sf_Flexwin/Data/DATA/EID_TOMO/3320736/T006_T030/3320736.CI.RPV.BHT.sac.d.T006_T030
/media/sf_Flexwin/Data/SYN/EID_TOMO/3320736/T006_T030/RPV.CI.BHT.semd.sac.m16.T006_T030
           2
   -1.6545    40.1955
   40.1955   128.4955
/media/sf_Flexwin/Data/DATA/EID_TOMO/3320736/T006_T030/3320736.CI.RPV.BHZ.sac.d.T006_T030
/media/sf_Flexwin/Data/SYN/EID_TOMO/3320736/T006_T030/RPV.CI.BHZ.semd.sac.m16.T006_T030
           1
   16.9455    72.9955
/media/sf_Flexwin/Data/DATA/EID_TOMO/3320736/T006_T030/3320736.CI.RSS.BHR.sac.d.T006_T030
/media/sf_Flexwin/Data/SYN/EID_TOMO/3320736/T006_T030/RSS.CI.BHR.semd.sac.m16.T006_T030
           1
   -6.5045    33.2955
/media/sf_Flexwin/Data/DATA/EID_TOMO/3320736/T006_T030/3320736.CI.RSS.BHZ.sac.d.T006_T030
/media/sf_Flexwin/Data/SYN/EID_TOMO/3320736/T006_T030/RSS.CI.BHZ.semd.sac.m16.T006_T030
           1
  -13.3045    55.1455
/media/sf_Flexwin/Data/DATA/EID_TOMO/3320736/T006_T030/3320736.CI.RUS.BHR.sac.d.T006_T030
/media/sf_Flexwin/Data/SYN/EID_TOMO/3320736/T006_T030/RUS.CI.BHR.semd.sac.m16.T006_T030
           1
    2.8955    45.7455
/media/sf_Flexwin/Data/DATA/EID_TOMO/3320736/T006_T030/3320736.CI.RUS.BHT.sac.d.T006_T030
/media/sf_Flexwin/Data/SYN/EID_TOMO/3320736/T006_T030/RUS.CI.BHT.semd.sac.m16.T006_T030
           2
  -23.8045    20.2955
   20.2955   104.0955
/media/sf_Flexwin/Data/DATA/EID_TOMO/3320736/T006_T030/3320736.CI.RUS.BHZ.sac.d.T006_T030
/media/sf_Flexwin/Data/SYN/EID_TOMO/3320736/T006_T030/RUS.CI.BHZ.semd.sac.m16.T006_T030
           1
   -2.7545    46.1455
/media/sf_Flexwin/Data/DATA/EID_TOMO/3320736/T006_T030/3320736.CI.RVR.BHR.sac.d.T006_T030
/media/sf_Flexwin/Data/SYN/EID_TOMO/3320736/T006_T030/RVR.CI.BHR.semd.sac.m16.T006_T030
           1
   -6.0045    33.9455
/media/sf_Flexwin/Data/DATA/EID_TOMO/3320736/T006_T030/3320736.CI.RVR.BHT.sac.d.T006_T030
/media/sf_Flexwin/Data/SYN/EID_TOMO/3320736/T006_T030/RVR.CI.BHT.semd.sac.m16.T006_T030
           1
   -6.8045    54.4955
/media/sf_Flexwin/Data/DATA/EID_TOMO/3320736/T006_T030/3320736.CI.RVR.BHZ.sac.d.T006_T030
/media/sf_Flexwin/Data/SYN/EID_TOMO/3320736/T006_T030/RVR.CI.BHZ.semd.sac.m16.T006_T030
           1
  -12.6545    56.1455
/media/sf_Flexwin/Data/DATA/EID_TOMO/3320736/T006_T030/3320736.CI.SAL.BHR.sac.d.T006_T030
/media/sf_Flexwin/Data/SYN/EID_TOMO/3320736/T006_T030/SAL.CI.BHR.semd.sac.m16.T006_T030
           1
  -21.3545    33.8455
/media/sf_Flexwin/Data/DATA/EID_TOMO/3320736/T006_T030/3320736.CI.SAL.BHT.sac.d.T006_T030
/media/sf_Flexwin/Data/SYN/EID_TOMO/3320736/T006_T030/SAL.CI.BHT.semd.sac.m16.T006_T030
           2
  -19.7045    23.3955
   23.3955    92.1455
/media/sf_Flexwin/Data/DATA/EID_TOMO/3320736/T006_T030/3320736.CI.SAL.BHZ.sac.d.T006_T030
/media/sf_Flexwin/Data/SYN/EID_TOMO/3320736/T006_T030/SAL.CI.BHZ.semd.sac.m16.T006_T030
           1
  -10.5045    35.7455
/media/sf_Flexwin/Data/DATA/EID_TOMO/3320736/T006_T030/3320736.CI.SBC.BHR.sac.d.T006_T030
/media/sf_Flexwin/Data/SYN/EID_TOMO/3320736/T006_T030/SBC.CI.BHR.semd.sac.m16.T006_T030
           2
   23.1455    75.8955
   89.1955   106.4955
/media/sf_Flexwin/Data/DATA/EID_TOMO/3320736/T006_T030/3320736.CI.SBC.BHT.sac.d.T006_T030
/media/sf_Flexwin/Data/SYN/EID_TOMO/3320736/T006_T030/SBC.CI.BHT.semd.sac.m16.T006_T030
           2
   56.2955    87.2955
   87.2955   114.5455
/media/sf_Flexwin/Data/DATA/EID_TOMO/3320736/T006_T030/3320736.CI.SBPX.BHR.sac.d.T006_T030
/media/sf_Flexwin/Data/SYN/EID_TOMO/3320736/T006_T030/SBPX.CI.BHR.semd.sac.m16.T006_T030
           2
  -26.9045   -10.2545
  -10.2545    41.2955
/media/sf_Flexwin/Data/DATA/EID_TOMO/3320736/T006_T030/3320736.CI.SBPX.BHT.sac.d.T006_T030
/media/sf_Flexwin/Data/SYN/EID_TOMO/3320736/T006_T030/SBPX.CI.BHT.semd.sac.m16.T006_T030
           2
  -27.6545   -12.9545
  -12.9545    47.1955
/media/sf_Flexwin/Data/DATA/EID_TOMO/3320736/T006_T030/3320736.CI.SBPX.BHZ.sac.d.T006_T030
/media/sf_Flexwin/Data/SYN/EID_TOMO/3320736/T006_T030/SBPX.CI.BHZ.semd.sac.m16.T006_T030
           2
  -19.0045    11.9455
   11.9455    51.2455
/media/sf_Flexwin/Data/DATA/EID_TOMO/3320736/T006_T030/3320736.CI.SCI.BHR.sac.d.T006_T030
/media/sf_Flexwin/Data/SYN/EID_TOMO/3320736/T006_T030/SCI.CI.BHR.semd.sac.m16.T006_T030
           1
    0.1455    61.6955
/media/sf_Flexwin/Data/DATA/EID_TOMO/3320736/T006_T030/3320736.CI.SCI.BHT.sac.d.T006_T030
/media/sf_Flexwin/Data/SYN/EID_TOMO/3320736/T006_T030/SCI.CI.BHT.semd.sac.m16.T006_T030
           1
   53.9455   105.7455
/media/sf_Flexwin/Data/DATA/EID_TOMO/3320736/T006_T030/3320736.CI.SCI.BHZ.sac.d.T006_T030
/media/sf_Flexwin/Data/SYN/EID_TOMO/3320736/T006_T030/SCI.CI.BHZ.semd.sac.m16.T006_T030
           2
   37.9455    65.3955
   65.3955   112.4955
/media/sf_Flexwin/Data/DATA/EID_TOMO/3320736/T006_T030/3320736.CI.SDD.BHR.sac.d.T006_T030
/media/sf_Flexwin/Data/SYN/EID_TOMO/3320736/T006_T030/SDD.CI.BHR.semd.sac.m16.T006_T030
           2
  -24.4045     1.0455
    1.0455    41.3455
/media/sf_Flexwin/Data/DATA/EID_TOMO/3320736/T006_T030/3320736.CI.SDD.BHT.sac.d.T006_T030
/media/sf_Flexwin/Data/SYN/EID_TOMO/3320736/T006_T030/SDD.CI.BHT.semd.sac.m16.T006_T030
           1
   15.6455    74.9455
/media/sf_Flexwin/Data/DATA/EID_TOMO/3320736/T006_T030/3320736.CI.SDD.BHZ.sac.d.T006_T030
/media/sf_Flexwin/Data/SYN/EID_TOMO/3320736/T006_T030/SDD.CI.BHZ.semd.sac.m16.T006_T030
           1
   -4.7045    41.8455
/media/sf_Flexwin/Data/DATA/EID_TOMO/3320736/T006_T030/3320736.CI.SHO.BHR.sac.d.T006_T030
/media/sf_Flexwin/Data/SYN/EID_TOMO/3320736/T006_T030/SHO.CI.BHR.semd.sac.m16.T006_T030
           1
  -11.0045    46.0955
/media/sf_Flexwin/Data/DATA/EID_TOMO/3320736/T006_T030/3320736.CI.SHO.BHT.sac.d.T006_T030
/media/sf_Flexwin/Data/SYN/EID_TOMO/3320736/T006_T030/SHO.CI.BHT.semd.sac.m16.T006_T030
           2
  -26.9545    16.5955
   16.5955    72.1955
/media/sf_Flexwin/Data/DATA/EID_TOMO/3320736/T006_T030/3320736.CI.SHO.BHZ.sac.d.T006_T030
/media/sf_Flexwin/Data/SYN/EID_TOMO/3320736/T006_T030/SHO.CI.BHZ.semd.sac.m16.T006_T030
           2
   -4.0045    40.5455
   46.4955    82.8955
/media/sf_Flexwin/Data/DATA/EID_TOMO/3320736/T006_T030/3320736.CI.SMS.BHR.sac.d.T006_T030
/media/sf_Flexwin/Data/SYN/EID_TOMO/3320736/T006_T030/SMS.CI.BHR.semd.sac.m16.T006_T030
           2
    7.8955    57.9955
   57.9955    71.3955
/media/sf_Flexwin/Data/DATA/EID_TOMO/3320736/T006_T030/3320736.CI.SMS.BHT.sac.d.T006_T030
/media/sf_Flexwin/Data/SYN/EID_TOMO/3320736/T006_T030/SMS.CI.BHT.semd.sac.m16.T006_T030
           2
   12.8455    55.4455
   55.4455    93.9455
/media/sf_Flexwin/Data/DATA/EID_TOMO/3320736/T006_T030/3320736.CI.SMS.BHZ.sac.d.T006_T030
/media/sf_Flexwin/Data/SYN/EID_TOMO/3320736/T006_T030/SMS.CI.BHZ.semd.sac.m16.T006_T030
           2
   16.8955    55.1455
   55.1455    82.3955
/media/sf_Flexwin/Data/DATA/EID_TOMO/3320736/T006_T030/3320736.CI.SNCC.BHR.sac.d.T006_T030
/media/sf_Flexwin/Data/SYN/EID_TOMO/3320736/T006_T030/SNCC.CI.BHR.semd.sac.m16.T006_T030
           1
   23.9955    74.6455
/media/sf_Flexwin/Data/DATA/EID_TOMO/3320736/T006_T030/3320736.CI.SNCC.BHT.sac.d.T006_T030
/media/sf_Flexwin/Data/SYN/EID_TOMO/3320736/T006_T030/SNCC.CI.BHT.semd.sac.m16.T006_T030
           1
   75.8955   136.0455
/media/sf_Flexwin/Data/DATA/EID_TOMO/3320736/T006_T030/3320736.CI.SNCC.BHZ.sac.d.T006_T030
/media/sf_Flexwin/Data/SYN/EID_TOMO/3320736/T006_T030/SNCC.CI.BHZ.semd.sac.m16.T006_T030
           2
   18.2955    76.2455
   90.4955   107.5455
/media/sf_Flexwin/Data/DATA/EID_TOMO/3320736/T006_T030/3320736.AZ.SND.BHR.sac.d.T006_T030
/media/sf_Flexwin/Data/SYN/EID_TOMO/3320736/T006_T030/SND.AZ.BHR.semd.sac.m16.T006_T030
           1
  -19.0045    62.8455
/media/sf_Flexwin/Data/DATA/EID_TOMO/3320736/T006_T030/3320736.AZ.SND.BHT.sac.d.T006_T030
/media/sf_Flexwin/Data/SYN/EID_TOMO/3320736/T006_T030/SND.AZ.BHT.semd.sac.m16.T006_T030
           2
  -36.7545   -11.5545
  -11.5545    60.6955
/media/sf_Flexwin/Data/DATA/EID_TOMO/3320736/T006_T030/3320736.AZ.SND.BHZ.sac.d.T006_T030
/media/sf_Flexwin/Data/SYN/EID_TOMO/3320736/T006_T030/SND.AZ.BHZ.semd.sac.m16.T006_T030
           1
  -14.6545    62.3455
/media/sf_Flexwin/Data/DATA/EID_TOMO/3320736/T006_T030/3320736.AZ.SOL.BHR.sac.d.T006_T030
/media/sf_Flexwin/Data/SYN/EID_TOMO/3320736/T006_T030/SOL.AZ.BHR.semd.sac.m16.T006_T030
           1
   -7.7545    44.5955
/media/sf_Flexwin/Data/DATA/EID_TOMO/3320736/T006_T030/3320736.AZ.SOL.BHT.sac.d.T006_T030
/media/sf_Flexwin/Data/SYN/EID_TOMO/3320736/T006_T030/SOL.AZ.BHT.semd.sac.m16.T006_T030
           3
  -32.5045   -20.3045
  -20.3045    23.9455
   23.9455    71.3455
/media/sf_Flexwin/Data/DATA/EID_TOMO/3320736/T006_T030/3320736.AZ.SOL.BHZ.sac.d.T006_T030
/media/sf_Flexwin/Data/SYN/EID_TOMO/3320736/T006_T030/SOL.AZ.BHZ.semd.sac.m16.T006_T030
           2
    2.1455    46.7455
   46.9455    83.8955
/media/sf_Flexwin/Data/DATA/EID_TOMO/3320736/T006_T030/3320736.CI.SOT.BHR.sac.d.T006_T030
/media/sf_Flexwin/Data/SYN/EID_TOMO/3320736/T006_T030/SOT.CI.BHR.semd.sac.m16.T006_T030
           1
   -8.0045    49.0455
/media/sf_Flexwin/Data/DATA/EID_TOMO/3320736/T006_T030/3320736.CI.SOT.BHT.sac.d.T006_T030
/media/sf_Flexwin/Data/SYN/EID_TOMO/3320736/T006_T030/SOT.CI.BHT.semd.sac.m16.T006_T030
           2
   -4.2045    42.0455
   42.0455    85.6455
/media/sf_Flexwin/Data/DATA/EID_TOMO/3320736/T006_T030/3320736.CI.SOT.BHZ.sac.d.T006_T030
/media/sf_Flexwin/Data/SYN/EID_TOMO/3320736/T006_T030/SOT.CI.BHZ.semd.sac.m16.T006_T030
           2
    1.7455    46.3455
   46.3455    63.4955
/media/sf_Flexwin/Data/DATA/EID_TOMO/3320736/T006_T030/3320736.CI.SPG.BHR.sac.d.T006_T030
/media/sf_Flexwin/Data/SYN/EID_TOMO/3320736/T006_T030/SPG.CI.BHR.semd.sac.m16.T006_T030
           2
   20.3455    68.3455
   68.3455    84.9455
/media/sf_Flexwin/Data/DATA/EID_TOMO/3320736/T006_T030/3320736.CI.SPG.BHT.sac.d.T006_T030
/media/sf_Flexwin/Data/SYN/EID_TOMO/3320736/T006_T030/SPG.CI.BHT.semd.sac.m16.T006_T030
           1
   47.9955   114.6955
/media/sf_Flexwin/Data/DATA/EID_TOMO/3320736/T006_T030/3320736.CI.SPG.BHZ.sac.d.T006_T030
/media/sf_Flexwin/Data/SYN/EID_TOMO/3320736/T006_T030/SPG.CI.BHZ.semd.sac.m16.T006_T030
           2
   30.2955    68.2955
   68.2955   125.7955
/media/sf_Flexwin/Data/DATA/EID_TOMO/3320736/T006_T030/3320736.CI.SSW.BHR.sac.d.T006_T030
/media/sf_Flexwin/Data/SYN/EID_TOMO/3320736/T006_T030/SSW.CI.BHR.semd.sac.m16.T006_T030
           2
  -15.3045    25.2955
   25.2955    56.6455
/media/sf_Flexwin/Data/DATA/EID_TOMO/3320736/T006_T030/3320736.CI.SSW.BHT.sac.d.T006_T030
/media/sf_Flexwin/Data/SYN/EID_TOMO/3320736/T006_T030/SSW.CI.BHT.semd.sac.m16.T006_T030
           1
    0.3955    59.7455
/media/sf_Flexwin/Data/DATA/EID_TOMO/3320736/T006_T030/3320736.CI.SSW.BHZ.sac.d.T006_T030
/media/sf_Flexwin/Data/SYN/EID_TOMO/3320736/T006_T030/SSW.CI.BHZ.semd.sac.m16.T006_T030
           2
  -21.3045    29.3455
   29.3455    77.1455
/media/sf_Flexwin/Data/DATA/EID_TOMO/3320736/T006_T030/3320736.CI.STS.BHR.sac.d.T006_T030
/media/sf_Flexwin/Data/SYN/EID_TOMO/3320736/T006_T030/STS.CI.BHR.semd.sac.m16.T006_T030
           1
   -8.3045    59.9955
/media/sf_Flexwin/Data/DATA/EID_TOMO/3320736/T006_T030/3320736.CI.STS.BHT.sac.d.T006_T030
/media/sf_Flexwin/Data/SYN/EID_TOMO/3320736/T006_T030/STS.CI.BHT.semd.sac.m16.T006_T030
           3
   -4.7545    37.8455
   37.8455    55.3955
   55.3955   119.7455
/media/sf_Flexwin/Data/DATA/EID_TOMO/3320736/T006_T030/3320736.CI.STS.BHZ.sac.d.T006_T030
/media/sf_Flexwin/Data/SYN/EID_TOMO/3320736/T006_T030/STS.CI.BHZ.semd.sac.m16.T006_T030
           1
    0.1455    53.7955
/media/sf_Flexwin/Data/DATA/EID_TOMO/3320736/T006_T030/3320736.CI.SVD.BHR.sac.d.T006_T030
/media/sf_Flexwin/Data/SYN/EID_TOMO/3320736/T006_T030/SVD.CI.BHR.semd.sac.m16.T006_T030
           2
  -27.4545   -11.4545
  -11.4545    51.7955
/media/sf_Flexwin/Data/DATA/EID_TOMO/3320736/T006_T030/3320736.CI.SVD.BHT.sac.d.T006_T030
/media/sf_Flexwin/Data/SYN/EID_TOMO/3320736/T006_T030/SVD.CI.BHT.semd.sac.m16.T006_T030
           2
  -28.1045   -13.3045
  -13.3045    46.9955
/media/sf_Flexwin/Data/DATA/EID_TOMO/3320736/T006_T030/3320736.CI.SVD.BHZ.sac.d.T006_T030
/media/sf_Flexwin/Data/SYN/EID_TOMO/3320736/T006_T030/SVD.CI.BHZ.semd.sac.m16.T006_T030
           2
  -19.7045    10.7955
   10.7955    60.9455
/media/sf_Flexwin/Data/DATA/EID_TOMO/3320736/T006_T030/3320736.CI.SWS.BHR.sac.d.T006_T030
/media/sf_Flexwin/Data/SYN/EID_TOMO/3320736/T006_T030/SWS.CI.BHR.semd.sac.m16.T006_T030
           1
    2.1455    46.6455
/media/sf_Flexwin/Data/DATA/EID_TOMO/3320736/T006_T030/3320736.CI.SWS.BHT.sac.d.T006_T030
/media/sf_Flexwin/Data/SYN/EID_TOMO/3320736/T006_T030/SWS.CI.BHT.semd.sac.m16.T006_T030
           2
  -11.1545    32.6955
   32.6955    99.0955
/media/sf_Flexwin/Data/DATA/EID_TOMO/3320736/T006_T030/3320736.CI.SWS.BHZ.sac.d.T006_T030
/media/sf_Flexwin/Data/SYN/EID_TOMO/3320736/T006_T030/SWS.CI.BHZ.semd.sac.m16.T006_T030
           1
   -4.0545    46.0455
/media/sf_Flexwin/Data/DATA/EID_TOMO/3320736/T006_T030/3320736.CI.TA2.BHR.sac.d.T006_T030
/media/sf_Flexwin/Data/SYN/EID_TOMO/3320736/T006_T030/TA2.CI.BHR.semd.sac.m16.T006_T030
           2
  -22.0045    10.8955
   10.8955    36.5455
/media/sf_Flexwin/Data/DATA/EID_TOMO/3320736/T006_T030/3320736.CI.TA2.BHT.sac.d.T006_T030
/media/sf_Flexwin/Data/SYN/EID_TOMO/3320736/T006_T030/TA2.CI.BHT.semd.sac.m16.T006_T030
           2
  -32.5045    10.1955
   10.1955    66.3455
/media/sf_Flexwin/Data/DATA/EID_TOMO/3320736/T006_T030/3320736.CI.TA2.BHZ.sac.d.T006_T030
/media/sf_Flexwin/Data/SYN/EID_TOMO/3320736/T006_T030/TA2.CI.BHZ.semd.sac.m16.T006_T030
           1
   -9.5545    34.6955
/media/sf_Flexwin/Data/DATA/EID_TOMO/3320736/T006_T030/3320736.CI.THX.BHR.sac.d.T006_T030
/media/sf_Flexwin/Data/SYN/EID_TOMO/3320736/T006_T030/THX.CI.BHR.semd.sac.m16.T006_T030
           1
  -11.3045    79.5955
/media/sf_Flexwin/Data/DATA/EID_TOMO/3320736/T006_T030/3320736.CI.THX.BHT.sac.d.T006_T030
/media/sf_Flexwin/Data/SYN/EID_TOMO/3320736/T006_T030/THX.CI.BHT.semd.sac.m16.T006_T030
           2
  -30.2545     0.0455
    0.0455    74.8955
/media/sf_Flexwin/Data/DATA/EID_TOMO/3320736/T006_T030/3320736.CI.THX.BHZ.sac.d.T006_T030
/media/sf_Flexwin/Data/SYN/EID_TOMO/3320736/T006_T030/THX.CI.BHZ.semd.sac.m16.T006_T030
           1
  -19.4545    46.2955
/media/sf_Flexwin/Data/DATA/EID_TOMO/3320736/T006_T030/3320736.CI.TOV.BHR.sac.d.T006_T030
/media/sf_Flexwin/Data/SYN/EID_TOMO/3320736/T006_T030/TOV.CI.BHR.semd.sac.m16.T006_T030
           1
   11.6955    57.2955
/media/sf_Flexwin/Data/DATA/EID_TOMO/3320736/T006_T030/3320736.CI.TOV.BHT.sac.d.T006_T030
/media/sf_Flexwin/Data/SYN/EID_TOMO/3320736/T006_T030/TOV.CI.BHT.semd.sac.m16.T006_T030
           2
    3.7455    33.6955
   33.6955   110.9955
/media/sf_Flexwin/Data/DATA/EID_TOMO/3320736/T006_T030/3320736.CI.TOV.BHZ.sac.d.T006_T030
/media/sf_Flexwin/Data/SYN/EID_TOMO/3320736/T006_T030/TOV.CI.BHZ.semd.sac.m16.T006_T030
           1
   20.5455    54.4455
/media/sf_Flexwin/Data/DATA/EID_TOMO/3320736/T006_T030/3320736.CI.USC.BHR.sac.d.T006_T030
/media/sf_Flexwin/Data/SYN/EID_TOMO/3320736/T006_T030/USC.CI.BHR.semd.sac.m16.T006_T030
           1
   -8.6045    49.1455
/media/sf_Flexwin/Data/DATA/EID_TOMO/3320736/T006_T030/3320736.CI.USC.BHT.sac.d.T006_T030
/media/sf_Flexwin/Data/SYN/EID_TOMO/3320736/T006_T030/USC.CI.BHT.semd.sac.m16.T006_T030
           2
    9.4455    52.1455
   52.1455   101.7455
/media/sf_Flexwin/Data/DATA/EID_TOMO/3320736/T006_T030/3320736.CI.USC.BHZ.sac.d.T006_T030
/media/sf_Flexwin/Data/SYN/EID_TOMO/3320736/T006_T030/USC.CI.BHZ.semd.sac.m16.T006_T030
           2
    0.3955    50.1455
   50.1455    91.5455
/media/sf_Flexwin/Data/DATA/EID_TOMO/3320736/T006_T030/3320736.CI.VCS.BHR.sac.d.T006_T030
/media/sf_Flexwin/Data/SYN/EID_TOMO/3320736/T006_T030/VCS.CI.BHR.semd.sac.m16.T006_T030
           2
    2.4455    40.9955
   40.9955    72.2455
/media/sf_Flexwin/Data/DATA/EID_TOMO/3320736/T006_T030/3320736.CI.VCS.BHT.sac.d.T006_T030
/media/sf_Flexwin/Data/SYN/EID_TOMO/3320736/T006_T030/VCS.CI.BHT.semd.sac.m16.T006_T030
           2
  -24.9045    19.1955
   19.1955    64.4955
/media/sf_Flexwin/Data/DATA/EID_TOMO/3320736/T006_T030/3320736.CI.VCS.BHZ.sac.d.T006_T030
/media/sf_Flexwin/Data/SYN/EID_TOMO/3320736/T006_T030/VCS.CI.BHZ.semd.sac.m16.T006_T030
           1
   -2.7545    42.5455
/media/sf_Flexwin/Data/DATA/EID_TOMO/3320736/T006_T030/3320736.CI.VES.BHR.sac.d.T006_T030
/media/sf_Flexwin/Data/SYN/EID_TOMO/3320736/T006_T030/VES.CI.BHR.semd.sac.m16.T006_T030
           2
   48.9455    69.3455
   83.0455   115.9455
/media/sf_Flexwin/Data/DATA/EID_TOMO/3320736/T006_T030/3320736.CI.VES.BHT.sac.d.T006_T030
/media/sf_Flexwin/Data/SYN/EID_TOMO/3320736/T006_T030/VES.CI.BHT.semd.sac.m16.T006_T030
           1
   48.5455   119.3955
/media/sf_Flexwin/Data/DATA/EID_TOMO/3320736/T006_T030/3320736.CI.VES.BHZ.sac.d.T006_T030
/media/sf_Flexwin/Data/SYN/EID_TOMO/3320736/T006_T030/VES.CI.BHZ.semd.sac.m16.T006_T030
           2
   29.6455    69.9455
   79.5955   118.7455
/media/sf_Flexwin/Data/DATA/EID_TOMO/3320736/T006_T030/3320736.CI.VTV.BHR.sac.d.T006_T030
/media/sf_Flexwin/Data/SYN/EID_TOMO/3320736/T006_T030/VTV.CI.BHR.semd.sac.m16.T006_T030
           1
   -9.6545    29.1955
/media/sf_Flexwin/Data/DATA/EID_TOMO/3320736/T006_T030/3320736.CI.VTV.BHT.sac.d.T006_T030
/media/sf_Flexwin/Data/SYN/EID_TOMO/3320736/T006_T030/VTV.CI.BHT.semd.sac.m16.T006_T030
           2
  -25.7545    15.9455
   15.9455    59.0955
/media/sf_Flexwin/Data/DATA/EID_TOMO/3320736/T006_T030/3320736.CI.VTV.BHZ.sac.d.T006_T030
/media/sf_Flexwin/Data/SYN/EID_TOMO/3320736/T006_T030/VTV.CI.BHZ.semd.sac.m16.T006_T030
           1
  -21.9545    26.2955
/media/sf_Flexwin/Data/DATA/EID_TOMO/3320736/T006_T030/3320736.AZ.WMC.BHR.sac.d.T006_T030
/media/sf_Flexwin/Data/SYN/EID_TOMO/3320736/T006_T030/WMC.AZ.BHR.semd.sac.m16.T006_T030
           1
  -26.0045    65.8955
/media/sf_Flexwin/Data/DATA/EID_TOMO/3320736/T006_T030/3320736.AZ.WMC.BHT.sac.d.T006_T030
/media/sf_Flexwin/Data/SYN/EID_TOMO/3320736/T006_T030/WMC.AZ.BHT.semd.sac.m16.T006_T030
           2
  -36.2045   -11.6545
  -11.6545    60.1455
/media/sf_Flexwin/Data/DATA/EID_TOMO/3320736/T006_T030/3320736.AZ.WMC.BHZ.sac.d.T006_T030
/media/sf_Flexwin/Data/SYN/EID_TOMO/3320736/T006_T030/WMC.AZ.BHZ.semd.sac.m16.T006_T030
           1
  -15.3045    62.9455
