/media/sf_Flexwin/Data/DATA/EID_TOMO/3320884/T006_T030/3320884.CI.ALP.BHT.sac.d.T006_T030
/media/sf_Flexwin/Data/SYN/EID_TOMO/3320884/T006_T030/ALP.CI.BHT.semd.sac.m16.T006_T030
           1
   19.0440    74.9940
/media/sf_Flexwin/Data/DATA/EID_TOMO/3320884/T006_T030/3320884.CI.BC3.BHT.sac.d.T006_T030
/media/sf_Flexwin/Data/SYN/EID_TOMO/3320884/T006_T030/BC3.CI.BHT.semd.sac.m16.T006_T030
           1
   15.6940    76.2440
/media/sf_Flexwin/Data/DATA/EID_TOMO/3320884/T006_T030/3320884.CI.BKR.BHR.sac.d.T006_T030
/media/sf_Flexwin/Data/SYN/EID_TOMO/3320884/T006_T030/BKR.CI.BHR.semd.sac.m16.T006_T030
           1
  -15.9060    46.7440
/media/sf_Flexwin/Data/DATA/EID_TOMO/3320884/T006_T030/3320884.CI.BKR.BHT.sac.d.T006_T030
/media/sf_Flexwin/Data/SYN/EID_TOMO/3320884/T006_T030/BKR.CI.BHT.semd.sac.m16.T006_T030
           1
  -23.3060    37.5940
/media/sf_Flexwin/Data/DATA/EID_TOMO/3320884/T006_T030/3320884.CI.BKR.BHZ.sac.d.T006_T030
/media/sf_Flexwin/Data/SYN/EID_TOMO/3320884/T006_T030/BKR.CI.BHZ.semd.sac.m16.T006_T030
           1
  -27.9060    49.9940
/media/sf_Flexwin/Data/DATA/EID_TOMO/3320884/T006_T030/3320884.CI.BTP.BHT.sac.d.T006_T030
/media/sf_Flexwin/Data/SYN/EID_TOMO/3320884/T006_T030/BTP.CI.BHT.semd.sac.m16.T006_T030
           1
   24.5440    79.5940
/media/sf_Flexwin/Data/DATA/EID_TOMO/3320884/T006_T030/3320884.AZ.BZN.BHT.sac.d.T006_T030
/media/sf_Flexwin/Data/SYN/EID_TOMO/3320884/T006_T030/BZN.AZ.BHT.semd.sac.m16.T006_T030
           1
   15.3440    70.9440
/media/sf_Flexwin/Data/DATA/EID_TOMO/3320884/T006_T030/3320884.CI.CHF.BHT.sac.d.T006_T030
/media/sf_Flexwin/Data/SYN/EID_TOMO/3320884/T006_T030/CHF.CI.BHT.semd.sac.m16.T006_T030
           1
   15.6440    69.7440
/media/sf_Flexwin/Data/DATA/EID_TOMO/3320884/T006_T030/3320884.AZ.CRY.BHT.sac.d.T006_T030
/media/sf_Flexwin/Data/SYN/EID_TOMO/3320884/T006_T030/CRY.AZ.BHT.semd.sac.m16.T006_T030
           1
   14.0940    71.4440
/media/sf_Flexwin/Data/DATA/EID_TOMO/3320884/T006_T030/3320884.AZ.CRY.BHZ.sac.d.T006_T030
/media/sf_Flexwin/Data/SYN/EID_TOMO/3320884/T006_T030/CRY.AZ.BHZ.semd.sac.m16.T006_T030
           1
    9.4940    74.4440
/media/sf_Flexwin/Data/DATA/EID_TOMO/3320884/T006_T030/3320884.LB.DAC.BHT.sac.d.T006_T030
/media/sf_Flexwin/Data/SYN/EID_TOMO/3320884/T006_T030/DAC.LB.BHT.semd.sac.m16.T006_T030
           1
   23.3440    85.8440
/media/sf_Flexwin/Data/DATA/EID_TOMO/3320884/T006_T030/3320884.LB.DAC.BHZ.sac.d.T006_T030
/media/sf_Flexwin/Data/SYN/EID_TOMO/3320884/T006_T030/DAC.LB.BHZ.semd.sac.m16.T006_T030
           1
   35.3440    88.0940
/media/sf_Flexwin/Data/DATA/EID_TOMO/3320884/T006_T030/3320884.CI.DAN.BHT.sac.d.T006_T030
/media/sf_Flexwin/Data/SYN/EID_TOMO/3320884/T006_T030/DAN.CI.BHT.semd.sac.m16.T006_T030
           1
  -11.9560    61.0940
/media/sf_Flexwin/Data/DATA/EID_TOMO/3320884/T006_T030/3320884.CI.DAN.BHZ.sac.d.T006_T030
/media/sf_Flexwin/Data/SYN/EID_TOMO/3320884/T006_T030/DAN.CI.BHZ.semd.sac.m16.T006_T030
           1
   13.2440    56.9940
/media/sf_Flexwin/Data/DATA/EID_TOMO/3320884/T006_T030/3320884.CI.DEV.BHR.sac.d.T006_T030
/media/sf_Flexwin/Data/SYN/EID_TOMO/3320884/T006_T030/DEV.CI.BHR.semd.sac.m16.T006_T030
           1
   -8.5060    58.4940
/media/sf_Flexwin/Data/DATA/EID_TOMO/3320884/T006_T030/3320884.CI.DEV.BHT.sac.d.T006_T030
/media/sf_Flexwin/Data/SYN/EID_TOMO/3320884/T006_T030/DEV.CI.BHT.semd.sac.m16.T006_T030
           1
  -11.3560    62.4940
/media/sf_Flexwin/Data/DATA/EID_TOMO/3320884/T006_T030/3320884.CI.DEV.BHZ.sac.d.T006_T030
/media/sf_Flexwin/Data/SYN/EID_TOMO/3320884/T006_T030/DEV.CI.BHZ.semd.sac.m16.T006_T030
           1
  -18.3560    68.0940
/media/sf_Flexwin/Data/DATA/EID_TOMO/3320884/T006_T030/3320884.CI.EDW.BHT.sac.d.T006_T030
/media/sf_Flexwin/Data/SYN/EID_TOMO/3320884/T006_T030/EDW.CI.BHT.semd.sac.m16.T006_T030
           1
   12.1440    65.9940
/media/sf_Flexwin/Data/DATA/EID_TOMO/3320884/T006_T030/3320884.CI.FPC.BHT.sac.d.T006_T030
/media/sf_Flexwin/Data/SYN/EID_TOMO/3320884/T006_T030/FPC.CI.BHT.semd.sac.m16.T006_T030
           1
  -12.1060    62.1440
/media/sf_Flexwin/Data/DATA/EID_TOMO/3320884/T006_T030/3320884.AZ.FRD.BHT.sac.d.T006_T030
/media/sf_Flexwin/Data/SYN/EID_TOMO/3320884/T006_T030/FRD.AZ.BHT.semd.sac.m16.T006_T030
           1
   14.9440    71.6940
/media/sf_Flexwin/Data/DATA/EID_TOMO/3320884/T006_T030/3320884.CI.FUR.BHT.sac.d.T006_T030
/media/sf_Flexwin/Data/SYN/EID_TOMO/3320884/T006_T030/FUR.CI.BHT.semd.sac.m16.T006_T030
           1
   21.0940    77.8940
/media/sf_Flexwin/Data/DATA/EID_TOMO/3320884/T006_T030/3320884.CI.FUR.BHZ.sac.d.T006_T030
/media/sf_Flexwin/Data/SYN/EID_TOMO/3320884/T006_T030/FUR.CI.BHZ.semd.sac.m16.T006_T030
           1
   38.7440    83.8440
/media/sf_Flexwin/Data/DATA/EID_TOMO/3320884/T006_T030/3320884.CI.GR2.BHT.sac.d.T006_T030
/media/sf_Flexwin/Data/SYN/EID_TOMO/3320884/T006_T030/GR2.CI.BHT.semd.sac.m16.T006_T030
           1
   22.5940    80.6940
/media/sf_Flexwin/Data/DATA/EID_TOMO/3320884/T006_T030/3320884.CI.GSC.BHT.sac.d.T006_T030
/media/sf_Flexwin/Data/SYN/EID_TOMO/3320884/T006_T030/GSC.CI.BHT.semd.sac.m16.T006_T030
           1
   -7.0060    38.0440
/media/sf_Flexwin/Data/DATA/EID_TOMO/3320884/T006_T030/3320884.CI.GSC.BHZ.sac.d.T006_T030
/media/sf_Flexwin/Data/SYN/EID_TOMO/3320884/T006_T030/GSC.CI.BHZ.semd.sac.m16.T006_T030
           1
  -24.8060    52.8440
/media/sf_Flexwin/Data/DATA/EID_TOMO/3320884/T006_T030/3320884.CI.JCS.BHT.sac.d.T006_T030
/media/sf_Flexwin/Data/SYN/EID_TOMO/3320884/T006_T030/JCS.CI.BHT.semd.sac.m16.T006_T030
           1
   24.6940    85.0940
/media/sf_Flexwin/Data/DATA/EID_TOMO/3320884/T006_T030/3320884.AZ.KNW.BHR.sac.d.T006_T030
/media/sf_Flexwin/Data/SYN/EID_TOMO/3320884/T006_T030/KNW.AZ.BHR.semd.sac.m16.T006_T030
           1
   -4.3560    34.1940
/media/sf_Flexwin/Data/DATA/EID_TOMO/3320884/T006_T030/3320884.CI.LKL.BHT.sac.d.T006_T030
/media/sf_Flexwin/Data/SYN/EID_TOMO/3320884/T006_T030/LKL.CI.BHT.semd.sac.m16.T006_T030
           1
    9.5440    66.6940
/media/sf_Flexwin/Data/DATA/EID_TOMO/3320884/T006_T030/3320884.CI.LUG.BHT.sac.d.T006_T030
/media/sf_Flexwin/Data/SYN/EID_TOMO/3320884/T006_T030/LUG.CI.BHT.semd.sac.m16.T006_T030
           1
  -12.5560    58.2940
/media/sf_Flexwin/Data/DATA/EID_TOMO/3320884/T006_T030/3320884.CI.MGE.BHT.sac.d.T006_T030
/media/sf_Flexwin/Data/SYN/EID_TOMO/3320884/T006_T030/MGE.CI.BHT.semd.sac.m16.T006_T030
           1
   21.0940    64.2940
/media/sf_Flexwin/Data/DATA/EID_TOMO/3320884/T006_T030/3320884.CI.MGE.BHZ.sac.d.T006_T030
/media/sf_Flexwin/Data/SYN/EID_TOMO/3320884/T006_T030/MGE.CI.BHZ.semd.sac.m16.T006_T030
           1
    5.9940    69.4940
/media/sf_Flexwin/Data/DATA/EID_TOMO/3320884/T006_T030/3320884.CI.MOP.BHT.sac.d.T006_T030
/media/sf_Flexwin/Data/SYN/EID_TOMO/3320884/T006_T030/MOP.CI.BHT.semd.sac.m16.T006_T030
           1
   50.4440    80.1940
/media/sf_Flexwin/Data/DATA/EID_TOMO/3320884/T006_T030/3320884.CI.MPM.BHT.sac.d.T006_T030
/media/sf_Flexwin/Data/SYN/EID_TOMO/3320884/T006_T030/MPM.CI.BHT.semd.sac.m16.T006_T030
           1
   17.7940    86.3440
/media/sf_Flexwin/Data/DATA/EID_TOMO/3320884/T006_T030/3320884.CI.MPM.BHZ.sac.d.T006_T030
/media/sf_Flexwin/Data/SYN/EID_TOMO/3320884/T006_T030/MPM.CI.BHZ.semd.sac.m16.T006_T030
           1
   32.8440    90.9940
/media/sf_Flexwin/Data/DATA/EID_TOMO/3320884/T006_T030/3320884.CI.MSJ.BHR.sac.d.T006_T030
/media/sf_Flexwin/Data/SYN/EID_TOMO/3320884/T006_T030/MSJ.CI.BHR.semd.sac.m16.T006_T030
           1
    9.5940    34.4940
/media/sf_Flexwin/Data/DATA/EID_TOMO/3320884/T006_T030/3320884.CI.MTP.BHT.sac.d.T006_T030
/media/sf_Flexwin/Data/SYN/EID_TOMO/3320884/T006_T030/MTP.CI.BHT.semd.sac.m16.T006_T030
           1
  -11.3560    64.7440
/media/sf_Flexwin/Data/DATA/EID_TOMO/3320884/T006_T030/3320884.CI.MTP.HHZ.sac.d.T006_T030
/media/sf_Flexwin/Data/SYN/EID_TOMO/3320884/T006_T030/MTP.CI.BHZ.semd.sac.m16.T006_T030
           1
   14.4440    60.9940
/media/sf_Flexwin/Data/DATA/EID_TOMO/3320884/T006_T030/3320884.CI.MWC.BHT.sac.d.T006_T030
/media/sf_Flexwin/Data/SYN/EID_TOMO/3320884/T006_T030/MWC.CI.BHT.semd.sac.m16.T006_T030
           1
   17.2940    73.4940
/media/sf_Flexwin/Data/DATA/EID_TOMO/3320884/T006_T030/3320884.CI.OSI.BHT.sac.d.T006_T030
/media/sf_Flexwin/Data/SYN/EID_TOMO/3320884/T006_T030/OSI.CI.BHT.semd.sac.m16.T006_T030
           1
   28.0940    91.5440
/media/sf_Flexwin/Data/DATA/EID_TOMO/3320884/T006_T030/3320884.CI.PAS.BHT.sac.d.T006_T030
/media/sf_Flexwin/Data/SYN/EID_TOMO/3320884/T006_T030/PAS.CI.BHT.semd.sac.m16.T006_T030
           1
   20.1940    80.7440
/media/sf_Flexwin/Data/DATA/EID_TOMO/3320884/T006_T030/3320884.CI.PDE.BHT.sac.d.T006_T030
/media/sf_Flexwin/Data/SYN/EID_TOMO/3320884/T006_T030/PDE.CI.BHT.semd.sac.m16.T006_T030
           1
   25.7440    86.9940
/media/sf_Flexwin/Data/DATA/EID_TOMO/3320884/T006_T030/3320884.AZ.PFO.BHT.sac.d.T006_T030
/media/sf_Flexwin/Data/SYN/EID_TOMO/3320884/T006_T030/PFO.AZ.BHT.semd.sac.m16.T006_T030
           1
   11.7440    68.9440
/media/sf_Flexwin/Data/DATA/EID_TOMO/3320884/T006_T030/3320884.AZ.PFO.BHZ.sac.d.T006_T030
/media/sf_Flexwin/Data/SYN/EID_TOMO/3320884/T006_T030/PFO.AZ.BHZ.semd.sac.m16.T006_T030
           1
   37.8940    71.9440
/media/sf_Flexwin/Data/DATA/EID_TOMO/3320884/T006_T030/3320884.CI.PLC.BHR.sac.d.T006_T030
/media/sf_Flexwin/Data/SYN/EID_TOMO/3320884/T006_T030/PLC.CI.BHR.semd.sac.m16.T006_T030
           1
    6.8940    30.6940
/media/sf_Flexwin/Data/DATA/EID_TOMO/3320884/T006_T030/3320884.CI.PLC.BHT.sac.d.T006_T030
/media/sf_Flexwin/Data/SYN/EID_TOMO/3320884/T006_T030/PLC.CI.BHT.semd.sac.m16.T006_T030
           1
   -8.5060    65.0440
/media/sf_Flexwin/Data/DATA/EID_TOMO/3320884/T006_T030/3320884.AZ.RDM.BHZ.sac.d.T006_T030
/media/sf_Flexwin/Data/SYN/EID_TOMO/3320884/T006_T030/RDM.AZ.BHZ.semd.sac.m16.T006_T030
           1
    8.2940    39.4440
/media/sf_Flexwin/Data/DATA/EID_TOMO/3320884/T006_T030/3320884.CI.RIO.BHT.sac.d.T006_T030
/media/sf_Flexwin/Data/SYN/EID_TOMO/3320884/T006_T030/RIO.CI.BHT.semd.sac.m16.T006_T030
           1
   17.2440   102.2440
/media/sf_Flexwin/Data/DATA/EID_TOMO/3320884/T006_T030/3320884.CI.RSS.BHT.sac.d.T006_T030
/media/sf_Flexwin/Data/SYN/EID_TOMO/3320884/T006_T030/RSS.CI.BHT.semd.sac.m16.T006_T030
           1
    8.6940    62.7940
/media/sf_Flexwin/Data/DATA/EID_TOMO/3320884/T006_T030/3320884.CI.RVR.BHT.sac.d.T006_T030
/media/sf_Flexwin/Data/SYN/EID_TOMO/3320884/T006_T030/RVR.CI.BHT.semd.sac.m16.T006_T030
           1
    9.0440    69.8940
/media/sf_Flexwin/Data/DATA/EID_TOMO/3320884/T006_T030/3320884.CI.SAL.BHR.sac.d.T006_T030
/media/sf_Flexwin/Data/SYN/EID_TOMO/3320884/T006_T030/SAL.CI.BHR.semd.sac.m16.T006_T030
           1
   46.9440   100.9940
/media/sf_Flexwin/Data/DATA/EID_TOMO/3320884/T006_T030/3320884.CI.SBPX.BHT.sac.d.T006_T030
/media/sf_Flexwin/Data/SYN/EID_TOMO/3320884/T006_T030/SBPX.CI.BHT.semd.sac.m16.T006_T030
           1
  -12.8560    60.5440
/media/sf_Flexwin/Data/DATA/EID_TOMO/3320884/T006_T030/3320884.CI.SHO.BHT.sac.d.T006_T030
/media/sf_Flexwin/Data/SYN/EID_TOMO/3320884/T006_T030/SHO.CI.BHT.semd.sac.m16.T006_T030
           1
    5.6440    66.2440
/media/sf_Flexwin/Data/DATA/EID_TOMO/3320884/T006_T030/3320884.CI.SHO.BHZ.sac.d.T006_T030
/media/sf_Flexwin/Data/SYN/EID_TOMO/3320884/T006_T030/SHO.CI.BHZ.semd.sac.m16.T006_T030
           1
  -15.9060    69.7940
/media/sf_Flexwin/Data/DATA/EID_TOMO/3320884/T006_T030/3320884.CI.SLA.BHT.sac.d.T006_T030
/media/sf_Flexwin/Data/SYN/EID_TOMO/3320884/T006_T030/SLA.CI.BHT.semd.sac.m16.T006_T030
           1
   11.7940    80.8440
/media/sf_Flexwin/Data/DATA/EID_TOMO/3320884/T006_T030/3320884.AZ.SND.BHT.sac.d.T006_T030
/media/sf_Flexwin/Data/SYN/EID_TOMO/3320884/T006_T030/SND.AZ.BHT.semd.sac.m16.T006_T030
           1
   13.5940    70.3940
/media/sf_Flexwin/Data/DATA/EID_TOMO/3320884/T006_T030/3320884.AZ.SND.BHZ.sac.d.T006_T030
/media/sf_Flexwin/Data/SYN/EID_TOMO/3320884/T006_T030/SND.AZ.BHZ.semd.sac.m16.T006_T030
           1
    9.7440    75.2940
/media/sf_Flexwin/Data/DATA/EID_TOMO/3320884/T006_T030/3320884.CI.SOT.BHT.sac.d.T006_T030
/media/sf_Flexwin/Data/SYN/EID_TOMO/3320884/T006_T030/SOT.CI.BHT.semd.sac.m16.T006_T030
           1
   23.1440    84.3940
/media/sf_Flexwin/Data/DATA/EID_TOMO/3320884/T006_T030/3320884.CI.SVD.BHT.sac.d.T006_T030
/media/sf_Flexwin/Data/SYN/EID_TOMO/3320884/T006_T030/SVD.CI.BHT.semd.sac.m16.T006_T030
           1
  -12.8060    60.7440
/media/sf_Flexwin/Data/DATA/EID_TOMO/3320884/T006_T030/3320884.CI.TA2.BHT.sac.d.T006_T030
/media/sf_Flexwin/Data/SYN/EID_TOMO/3320884/T006_T030/TA2.CI.BHT.semd.sac.m16.T006_T030
           1
    8.6940    69.2440
/media/sf_Flexwin/Data/DATA/EID_TOMO/3320884/T006_T030/3320884.CI.THX.BHT.sac.d.T006_T030
/media/sf_Flexwin/Data/SYN/EID_TOMO/3320884/T006_T030/THX.CI.BHT.semd.sac.m16.T006_T030
           1
   -3.5060    91.3440
/media/sf_Flexwin/Data/DATA/EID_TOMO/3320884/T006_T030/3320884.CI.THX.BHZ.sac.d.T006_T030
/media/sf_Flexwin/Data/SYN/EID_TOMO/3320884/T006_T030/THX.CI.BHZ.semd.sac.m16.T006_T030
           1
   15.5440    40.3440
/media/sf_Flexwin/Data/DATA/EID_TOMO/3320884/T006_T030/3320884.CI.TOV.BHT.sac.d.T006_T030
/media/sf_Flexwin/Data/SYN/EID_TOMO/3320884/T006_T030/TOV.CI.BHT.semd.sac.m16.T006_T030
           1
   32.0940   107.1440
/media/sf_Flexwin/Data/DATA/EID_TOMO/3320884/T006_T030/3320884.CI.VCS.BHT.sac.d.T006_T030
/media/sf_Flexwin/Data/SYN/EID_TOMO/3320884/T006_T030/VCS.CI.BHT.semd.sac.m16.T006_T030
           1
   16.2940    72.5440
/media/sf_Flexwin/Data/DATA/EID_TOMO/3320884/T006_T030/3320884.CI.VTV.BHT.sac.d.T006_T030
/media/sf_Flexwin/Data/SYN/EID_TOMO/3320884/T006_T030/VTV.CI.BHT.semd.sac.m16.T006_T030
           1
  -15.9060    57.2440
/media/sf_Flexwin/Data/DATA/EID_TOMO/3320884/T006_T030/3320884.AZ.WMC.BHZ.sac.d.T006_T030
/media/sf_Flexwin/Data/SYN/EID_TOMO/3320884/T006_T030/WMC.AZ.BHZ.semd.sac.m16.T006_T030
           1
    9.2940    74.2940
